  [1m[35m (308.7ms)[0m  [1m[35mCREATE DATABASE "URLShortener_development" ENCODING = 'unicode'[0m
  ↳ bin/rails:9
  [1m[35m (306.2ms)[0m  [1m[35mCREATE DATABASE "URLShortener_test" ENCODING = 'unicode'[0m
  ↳ bin/rails:9
  [1m[35m (20.4ms)[0m  [1m[35mCREATE TABLE "schema_migrations" ("version" character varying NOT NULL PRIMARY KEY)[0m
  ↳ bin/rails:9
  [1m[35m (4.1ms)[0m  [1m[35mCREATE TABLE "ar_internal_metadata" ("key" character varying NOT NULL PRIMARY KEY, "value" character varying, "created_at" timestamp NOT NULL, "updated_at" timestamp NOT NULL)[0m
  ↳ bin/rails:9
  [1m[35m (0.8ms)[0m  [1m[34mSELECT pg_try_advisory_lock(4762635147840476445)[0m
  ↳ bin/rails:9
  [1m[35m (1.3ms)[0m  [1m[34mSELECT "schema_migrations"."version" FROM "schema_migrations" ORDER BY "schema_migrations"."version" ASC[0m
  ↳ bin/rails:9
Migrating to CreateUsers (20190123201044)
  [1m[35m (0.2ms)[0m  [1m[35mBEGIN[0m
  ↳ bin/rails:9
  [1m[35m (5.9ms)[0m  [1m[35mCREATE TABLE "users" ("id" bigserial primary key, "email" character varying NOT NULL, "created_at" timestamp NOT NULL, "updated_at" timestamp NOT NULL)[0m
  ↳ db/migrate/20190123201044_create_users.rb:3
  [1m[35m (1.7ms)[0m  [1m[35mCREATE UNIQUE INDEX  "index_users_on_email" ON "users"  ("email")[0m
  ↳ db/migrate/20190123201044_create_users.rb:9
  [1m[36mActiveRecord::SchemaMigration Create (0.5ms)[0m  [1m[32mINSERT INTO "schema_migrations" ("version") VALUES ($1) RETURNING "version"[0m  [["version", "20190123201044"]]
  ↳ bin/rails:9
  [1m[35m (0.4ms)[0m  [1m[35mCOMMIT[0m
  ↳ bin/rails:9
  [1m[36mActiveRecord::InternalMetadata Load (0.4ms)[0m  [1m[34mSELECT  "ar_internal_metadata".* FROM "ar_internal_metadata" WHERE "ar_internal_metadata"."key" = $1 LIMIT $2[0m  [["key", "environment"], ["LIMIT", 1]]
  ↳ bin/rails:9
  [1m[35m (0.1ms)[0m  [1m[35mBEGIN[0m
  ↳ bin/rails:9
  [1m[36mActiveRecord::InternalMetadata Create (0.5ms)[0m  [1m[32mINSERT INTO "ar_internal_metadata" ("key", "value", "created_at", "updated_at") VALUES ($1, $2, $3, $4) RETURNING "key"[0m  [["key", "environment"], ["value", "development"], ["created_at", "2019-01-23 20:13:10.784476"], ["updated_at", "2019-01-23 20:13:10.784476"]]
  ↳ bin/rails:9
  [1m[35m (0.3ms)[0m  [1m[35mCOMMIT[0m
  ↳ bin/rails:9
  [1m[35m (0.2ms)[0m  [1m[34mSELECT pg_advisory_unlock(4762635147840476445)[0m
  ↳ bin/rails:9
  [1m[35m (0.4ms)[0m  [1m[34mSELECT "schema_migrations"."version" FROM "schema_migrations" ORDER BY "schema_migrations"."version" ASC[0m
  ↳ bin/rails:9
  [1m[36mUser Load (1.3ms)[0m  [1m[34mSELECT "users".* FROM "users"[0m
  [1m[35m (0.2ms)[0m  [1m[35mBEGIN[0m
  [1m[36mUser Exists (0.5ms)[0m  [1m[34mSELECT  1 AS one FROM "users" WHERE "users"."email" IS NULL LIMIT $1[0m  [["LIMIT", 1]]
  [1m[35m (0.6ms)[0m  [1m[31mROLLBACK[0m
  [1m[35m (0.2ms)[0m  [1m[35mBEGIN[0m
  [1m[36mUser Exists (0.8ms)[0m  [1m[34mSELECT  1 AS one FROM "users" WHERE "users"."email" = $1 LIMIT $2[0m  [["email", "hello@gmail.com"], ["LIMIT", 1]]
  [1m[36mUser Create (1.7ms)[0m  [1m[32mINSERT INTO "users" ("email", "created_at", "updated_at") VALUES ($1, $2, $3) RETURNING "id"[0m  [["email", "hello@gmail.com"], ["created_at", "2019-01-23 20:14:45.306354"], ["updated_at", "2019-01-23 20:14:45.306354"]]
  [1m[35m (1.0ms)[0m  [1m[35mCOMMIT[0m
  [1m[35m (0.2ms)[0m  [1m[35mBEGIN[0m
  [1m[36mUser Exists (0.5ms)[0m  [1m[34mSELECT  1 AS one FROM "users" WHERE "users"."email" = $1 LIMIT $2[0m  [["email", "hello@gmail.com"], ["LIMIT", 1]]
  [1m[35m (0.3ms)[0m  [1m[31mROLLBACK[0m
  [1m[35m (0.2ms)[0m  [1m[35mBEGIN[0m
  [1m[36mUser Exists (0.4ms)[0m  [1m[34mSELECT  1 AS one FROM "users" WHERE "users"."email" = $1 LIMIT $2[0m  [["email", "otheremail@gmail.com"], ["LIMIT", 1]]
  [1m[36mUser Create (0.4ms)[0m  [1m[32mINSERT INTO "users" ("email", "created_at", "updated_at") VALUES ($1, $2, $3) RETURNING "id"[0m  [["email", "otheremail@gmail.com"], ["created_at", "2019-01-23 20:15:34.717215"], ["updated_at", "2019-01-23 20:15:34.717215"]]
  [1m[35m (1.1ms)[0m  [1m[35mCOMMIT[0m
  [1m[36mUser Load (0.4ms)[0m  [1m[34mSELECT "users".* FROM "users"[0m
  [1m[35m (1.5ms)[0m  [1m[34mSELECT "schema_migrations"."version" FROM "schema_migrations" ORDER BY "schema_migrations"."version" ASC[0m
  ↳ /Users/jasonfu/.rbenv/versions/2.5.1/bin/annotate:23
  [1m[36mUser Load (0.3ms)[0m  [1m[34mSELECT  "users".* FROM "users" ORDER BY "users"."id" DESC LIMIT $1[0m  [["LIMIT", 1]]
  [1m[35m (0.2ms)[0m  [1m[34mSELECT pg_try_advisory_lock(4762635147840476445)[0m
  ↳ bin/rails:9
  [1m[35m (0.9ms)[0m  [1m[34mSELECT "schema_migrations"."version" FROM "schema_migrations" ORDER BY "schema_migrations"."version" ASC[0m
  ↳ bin/rails:9
Migrating to CreateShortenedUrls (20190123201622)
  [1m[35m (0.3ms)[0m  [1m[35mBEGIN[0m
  ↳ bin/rails:9
  [1m[35m (8.9ms)[0m  [1m[35mCREATE TABLE "shortened_urls" ("id" bigserial primary key, "long_url" character varying NOT NULL, "short_url" character varying NOT NULL, "user_id" integer NOT NULL, "created_at" timestamp NOT NULL, "updated_at" timestamp NOT NULL)[0m
  ↳ db/migrate/20190123201622_create_shortened_urls.rb:3
  [1m[35m (4.3ms)[0m  [1m[35mCREATE UNIQUE INDEX  "index_shortened_urls_on_short_urls" ON "shortened_urls"  ("short_urls")[0m
  ↳ db/migrate/20190123201622_create_shortened_urls.rb:11
  [1m[35m (0.1ms)[0m  [1m[31mROLLBACK[0m
  ↳ bin/rails:9
  [1m[35m (0.2ms)[0m  [1m[34mSELECT pg_advisory_unlock(4762635147840476445)[0m
  ↳ bin/rails:9
  [1m[35m (0.2ms)[0m  [1m[34mSELECT pg_try_advisory_lock(4762635147840476445)[0m
  ↳ bin/rails:9
  [1m[35m (0.9ms)[0m  [1m[34mSELECT "schema_migrations"."version" FROM "schema_migrations" ORDER BY "schema_migrations"."version" ASC[0m
  ↳ bin/rails:9
Migrating to CreateShortenedUrls (20190123201622)
  [1m[35m (0.2ms)[0m  [1m[35mBEGIN[0m
  ↳ bin/rails:9
  [1m[35m (5.8ms)[0m  [1m[35mCREATE TABLE "shortened_urls" ("id" bigserial primary key, "long_url" character varying NOT NULL, "short_url" character varying NOT NULL, "user_id" integer NOT NULL, "created_at" timestamp NOT NULL, "updated_at" timestamp NOT NULL)[0m
  ↳ db/migrate/20190123201622_create_shortened_urls.rb:3
  [1m[35m (1.1ms)[0m  [1m[35mCREATE UNIQUE INDEX  "index_shortened_urls_on_short_url" ON "shortened_urls"  ("short_url")[0m
  ↳ db/migrate/20190123201622_create_shortened_urls.rb:11
  [1m[36mActiveRecord::SchemaMigration Create (0.4ms)[0m  [1m[32mINSERT INTO "schema_migrations" ("version") VALUES ($1) RETURNING "version"[0m  [["version", "20190123201622"]]
  ↳ bin/rails:9
  [1m[35m (0.5ms)[0m  [1m[35mCOMMIT[0m
  ↳ bin/rails:9
  [1m[36mActiveRecord::InternalMetadata Load (0.5ms)[0m  [1m[34mSELECT  "ar_internal_metadata".* FROM "ar_internal_metadata" WHERE "ar_internal_metadata"."key" = $1 LIMIT $2[0m  [["key", "environment"], ["LIMIT", 1]]
  ↳ bin/rails:9
  [1m[35m (0.2ms)[0m  [1m[35mBEGIN[0m
  ↳ bin/rails:9
  [1m[35m (0.1ms)[0m  [1m[35mCOMMIT[0m
  ↳ bin/rails:9
  [1m[35m (0.2ms)[0m  [1m[34mSELECT pg_advisory_unlock(4762635147840476445)[0m
  ↳ bin/rails:9
  [1m[35m (0.3ms)[0m  [1m[34mSELECT "schema_migrations"."version" FROM "schema_migrations" ORDER BY "schema_migrations"."version" ASC[0m
  ↳ bin/rails:9
  [1m[36mShortenedUrl Load (1.0ms)[0m  [1m[34mSELECT "shortened_urls".* FROM "shortened_urls"[0m
  [1m[35m (0.2ms)[0m  [1m[35mBEGIN[0m
  [1m[36mShortenedUrl Exists (0.4ms)[0m  [1m[34mSELECT  1 AS one FROM "shortened_urls" WHERE "shortened_urls"."short_url" = $1 LIMIT $2[0m  [["short_url", "g.com"], ["LIMIT", 1]]
  [1m[36mShortenedUrl Create (1.0ms)[0m  [1m[32mINSERT INTO "shortened_urls" ("long_url", "short_url", "user_id", "created_at", "updated_at") VALUES ($1, $2, $3, $4, $5) RETURNING "id"[0m  [["long_url", "http://www.google.com/"], ["short_url", "g.com"], ["user_id", 2], ["created_at", "2019-01-23 22:04:57.381316"], ["updated_at", "2019-01-23 22:04:57.381316"]]
  [1m[35m (0.9ms)[0m  [1m[35mCOMMIT[0m
  [1m[36mShortenedUrl Load (0.4ms)[0m  [1m[34mSELECT "shortened_urls".* FROM "shortened_urls"[0m
  [1m[35m (0.2ms)[0m  [1m[34mSELECT pg_try_advisory_lock(4762635147840476445)[0m
  ↳ bin/rails:9
  [1m[35m (1.3ms)[0m  [1m[34mSELECT "schema_migrations"."version" FROM "schema_migrations" ORDER BY "schema_migrations"."version" ASC[0m
  ↳ bin/rails:9
Migrating to AddIndexToUserId (20190123221608)
  [1m[35m (0.2ms)[0m  [1m[35mBEGIN[0m
  ↳ bin/rails:9
  [1m[35m (2.3ms)[0m  [1m[35mCREATE  INDEX  "index_shortened_urls_on_user_id" ON "shortened_urls"  ("user_id")[0m
  ↳ db/migrate/20190123221608_add_index_to_user_id.rb:3
  [1m[36mActiveRecord::SchemaMigration Create (0.6ms)[0m  [1m[32mINSERT INTO "schema_migrations" ("version") VALUES ($1) RETURNING "version"[0m  [["version", "20190123221608"]]
  ↳ bin/rails:9
  [1m[35m (0.5ms)[0m  [1m[35mCOMMIT[0m
  ↳ bin/rails:9
  [1m[36mActiveRecord::InternalMetadata Load (0.4ms)[0m  [1m[34mSELECT  "ar_internal_metadata".* FROM "ar_internal_metadata" WHERE "ar_internal_metadata"."key" = $1 LIMIT $2[0m  [["key", "environment"], ["LIMIT", 1]]
  ↳ bin/rails:9
  [1m[35m (0.2ms)[0m  [1m[35mBEGIN[0m
  ↳ bin/rails:9
  [1m[35m (0.1ms)[0m  [1m[35mCOMMIT[0m
  ↳ bin/rails:9
  [1m[35m (0.2ms)[0m  [1m[34mSELECT pg_advisory_unlock(4762635147840476445)[0m
  ↳ bin/rails:9
  [1m[35m (0.2ms)[0m  [1m[34mSELECT "schema_migrations"."version" FROM "schema_migrations" ORDER BY "schema_migrations"."version" ASC[0m
  ↳ bin/rails:9
  [1m[35m (0.8ms)[0m  [1m[34mSELECT "schema_migrations"."version" FROM "schema_migrations" ORDER BY "schema_migrations"."version" ASC[0m
  ↳ /Users/jasonfu/.rbenv/versions/2.5.1/bin/annotate:23
  [1m[36mShortenedUrl Load (0.8ms)[0m  [1m[34mSELECT "shortened_urls".* FROM "shortened_urls"[0m
  [1m[36mShortenedUrl Load (0.3ms)[0m  [1m[34mSELECT "shortened_urls".* FROM "shortened_urls" WHERE "shortened_urls"."short_url" = $1[0m  [["short_url", "g.com"]]
  [1m[36mShortenedUrl Exists (0.5ms)[0m  [1m[34mSELECT  1 AS one FROM "shortened_urls" WHERE "shortened_urls"."id" = $1 LIMIT $2[0m  [["id", 0], ["LIMIT", 1]]
  [1m[36mShortenedUrl Exists (0.5ms)[0m  [1m[34mSELECT  1 AS one FROM "shortened_urls" WHERE "shortened_urls"."short_url" = $1 LIMIT $2[0m  [["short_url", "g.com"], ["LIMIT", 1]]
  [1m[36mShortenedUrl Exists (0.4ms)[0m  [1m[34mSELECT  1 AS one FROM "shortened_urls" WHERE "shortened_urls"."short_url" = $1 LIMIT $2[0m  [["short_url", "2hTo9hogjQBw8A5cB2Mz5Q"], ["LIMIT", 1]]
  [1m[36mShortenedUrl Load (0.4ms)[0m  [1m[34mSELECT "shortened_urls".* FROM "shortened_urls"[0m
  [1m[36mShortenedUrl Exists (0.5ms)[0m  [1m[34mSELECT  1 AS one FROM "shortened_urls" WHERE "shortened_urls"."short_url" = $1 LIMIT $2[0m  [["short_url", "5ruxVVR4d9bK2qCN9ONk6w"], ["LIMIT", 1]]
  [1m[35m (0.2ms)[0m  [1m[35mBEGIN[0m
  [1m[36mUser Exists (0.5ms)[0m  [1m[34mSELECT  1 AS one FROM "users" WHERE "users"."email" = $1 LIMIT $2[0m  [["email", "hello@gmail.com"], ["LIMIT", 1]]
  [1m[35m (0.4ms)[0m  [1m[31mROLLBACK[0m
  [1m[35m (0.2ms)[0m  [1m[35mBEGIN[0m
  [1m[36mUser Exists (0.3ms)[0m  [1m[34mSELECT  1 AS one FROM "users" WHERE "users"."email" = $1 LIMIT $2[0m  [["email", "wow@gmail.com"], ["LIMIT", 1]]
  [1m[36mUser Create (0.4ms)[0m  [1m[32mINSERT INTO "users" ("email", "created_at", "updated_at") VALUES ($1, $2, $3) RETURNING "id"[0m  [["email", "wow@gmail.com"], ["created_at", "2019-01-23 22:38:15.530011"], ["updated_at", "2019-01-23 22:38:15.530011"]]
  [1m[35m (1.2ms)[0m  [1m[35mCOMMIT[0m
  [1m[35m (0.2ms)[0m  [1m[35mBEGIN[0m
  [1m[36mUser Exists (0.4ms)[0m  [1m[34mSELECT  1 AS one FROM "users" WHERE "users"."email" = $1 LIMIT $2[0m  [["email", "yuge@gmail.com"], ["LIMIT", 1]]
  [1m[36mUser Create (0.4ms)[0m  [1m[32mINSERT INTO "users" ("email", "created_at", "updated_at") VALUES ($1, $2, $3) RETURNING "id"[0m  [["email", "yuge@gmail.com"], ["created_at", "2019-01-23 22:38:39.706600"], ["updated_at", "2019-01-23 22:38:39.706600"]]
  [1m[35m (1.1ms)[0m  [1m[35mCOMMIT[0m
  [1m[35m (0.2ms)[0m  [1m[35mBEGIN[0m
  [1m[36mUser Exists (0.4ms)[0m  [1m[34mSELECT  1 AS one FROM "users" WHERE "users"."email" = $1 LIMIT $2[0m  [["email", "aa@aa.io"], ["LIMIT", 1]]
  [1m[36mUser Create (0.4ms)[0m  [1m[32mINSERT INTO "users" ("email", "created_at", "updated_at") VALUES ($1, $2, $3) RETURNING "id"[0m  [["email", "aa@aa.io"], ["created_at", "2019-01-23 22:38:55.044235"], ["updated_at", "2019-01-23 22:38:55.044235"]]
  [1m[35m (0.4ms)[0m  [1m[35mCOMMIT[0m
  [1m[36mUser Load (0.4ms)[0m  [1m[34mSELECT "users".* FROM "users"[0m
  [1m[36mShortenedUrl Exists (0.5ms)[0m  [1m[34mSELECT  1 AS one FROM "shortened_urls" WHERE "shortened_urls"."short_url" = $1 LIMIT $2[0m  [["short_url", "QWEK7wy5bvS_zJ7BMqom6Q"], ["LIMIT", 1]]
  [1m[36mShortenedUrl Exists (0.3ms)[0m  [1m[34mSELECT  1 AS one FROM "shortened_urls" WHERE "shortened_urls"."short_url" = $1 LIMIT $2[0m  [["short_url", "1yxXUJASL1QhAxBZRCOMmQ"], ["LIMIT", 1]]
  [1m[35m (0.2ms)[0m  [1m[35mBEGIN[0m
  [1m[36mShortenedUrl Exists (0.8ms)[0m  [1m[34mSELECT  1 AS one FROM "shortened_urls" WHERE "shortened_urls"."short_url" = $1 LIMIT $2[0m  [["short_url", "1yxXUJASL1QhAxBZRCOMmQ"], ["LIMIT", 1]]
  [1m[35m (0.3ms)[0m  [1m[31mROLLBACK[0m
  [1m[36mShortenedUrl Exists (0.4ms)[0m  [1m[34mSELECT  1 AS one FROM "shortened_urls" WHERE "shortened_urls"."short_url" = $1 LIMIT $2[0m  [["short_url", "t-g2Px-gaH0ebkF5EjdySw"], ["LIMIT", 1]]
  [1m[35m (0.1ms)[0m  [1m[35mBEGIN[0m
  [1m[36mShortenedUrl Exists (0.3ms)[0m  [1m[34mSELECT  1 AS one FROM "shortened_urls" WHERE "shortened_urls"."short_url" = $1 LIMIT $2[0m  [["short_url", "t-g2Px-gaH0ebkF5EjdySw"], ["LIMIT", 1]]
  [1m[35m (0.2ms)[0m  [1m[31mROLLBACK[0m
  [1m[36mShortenedUrl Exists (0.5ms)[0m  [1m[34mSELECT  1 AS one FROM "shortened_urls" WHERE "shortened_urls"."short_url" = $1 LIMIT $2[0m  [["short_url", "ImVCWnbTZtBbDuh2Cex0Cw"], ["LIMIT", 1]]
  [1m[36mShortenedUrl Exists (0.6ms)[0m  [1m[34mSELECT  1 AS one FROM "shortened_urls" WHERE "shortened_urls"."short_url" = $1 LIMIT $2[0m  [["short_url", "ZHnoB5lLyG67uiyCnFiBPw"], ["LIMIT", 1]]
  [1m[36mShortenedUrl Exists (0.5ms)[0m  [1m[34mSELECT  1 AS one FROM "shortened_urls" WHERE "shortened_urls"."short_url" = $1 LIMIT $2[0m  [["short_url", "r9Ocu-7KC-2Zk13DH9lfKw"], ["LIMIT", 1]]
  [1m[36mShortenedUrl Exists (0.4ms)[0m  [1m[34mSELECT  1 AS one FROM "shortened_urls" WHERE "shortened_urls"."short_url" = $1 LIMIT $2[0m  [["short_url", "OWjPAqD6mkfczUZXhrXxWg"], ["LIMIT", 1]]
  [1m[36mShortenedUrl Exists (0.4ms)[0m  [1m[34mSELECT  1 AS one FROM "shortened_urls" WHERE "shortened_urls"."short_url" = $1 LIMIT $2[0m  [["short_url", "CUCq_CxLh3cTuphid7UxMA"], ["LIMIT", 1]]
  [1m[35m (0.1ms)[0m  [1m[35mBEGIN[0m
  [1m[36mShortenedUrl Exists (0.3ms)[0m  [1m[34mSELECT  1 AS one FROM "shortened_urls" WHERE "shortened_urls"."short_url" = $1 LIMIT $2[0m  [["short_url", "CUCq_CxLh3cTuphid7UxMA"], ["LIMIT", 1]]
  [1m[35m (0.2ms)[0m  [1m[31mROLLBACK[0m
  [1m[36mShortenedUrl Exists (0.4ms)[0m  [1m[34mSELECT  1 AS one FROM "shortened_urls" WHERE "shortened_urls"."short_url" = $1 LIMIT $2[0m  [["short_url", "5dfHYM3Wve1M1G5I6Nf3bw"], ["LIMIT", 1]]
  [1m[35m (0.1ms)[0m  [1m[35mBEGIN[0m
  [1m[36mShortenedUrl Exists (0.4ms)[0m  [1m[34mSELECT  1 AS one FROM "shortened_urls" WHERE "shortened_urls"."short_url" = $1 LIMIT $2[0m  [["short_url", "5dfHYM3Wve1M1G5I6Nf3bw"], ["LIMIT", 1]]
  [1m[35m (0.2ms)[0m  [1m[31mROLLBACK[0m
  [1m[36mShortenedUrl Exists (0.4ms)[0m  [1m[34mSELECT  1 AS one FROM "shortened_urls" WHERE "shortened_urls"."short_url" = $1 LIMIT $2[0m  [["short_url", "8zAGfwCUU5aE5Kfq0ounhA"], ["LIMIT", 1]]
  [1m[35m (0.1ms)[0m  [1m[35mBEGIN[0m
  [1m[36mShortenedUrl Exists (0.3ms)[0m  [1m[34mSELECT  1 AS one FROM "shortened_urls" WHERE "shortened_urls"."short_url" = $1 LIMIT $2[0m  [["short_url", "8zAGfwCUU5aE5Kfq0ounhA"], ["LIMIT", 1]]
  [1m[35m (0.2ms)[0m  [1m[31mROLLBACK[0m
  [1m[36mShortenedUrl Exists (0.5ms)[0m  [1m[34mSELECT  1 AS one FROM "shortened_urls" WHERE "shortened_urls"."short_url" = $1 LIMIT $2[0m  [["short_url", "WbkcRGL10jUkqVjavb0baQ"], ["LIMIT", 1]]
  [1m[36mShortenedUrl Exists (0.4ms)[0m  [1m[34mSELECT  1 AS one FROM "shortened_urls" WHERE "shortened_urls"."short_url" = $1 LIMIT $2[0m  [["short_url", "s9tlfhVADz4eg_sQjTKyDw"], ["LIMIT", 1]]
  [1m[35m (0.1ms)[0m  [1m[35mBEGIN[0m
  [1m[36mShortenedUrl Exists (0.5ms)[0m  [1m[34mSELECT  1 AS one FROM "shortened_urls" WHERE "shortened_urls"."short_url" = $1 LIMIT $2[0m  [["short_url", "s9tlfhVADz4eg_sQjTKyDw"], ["LIMIT", 1]]
  [1m[36mUser Load (0.3ms)[0m  [1m[34mSELECT  "users".* FROM "users" WHERE "users"."id" = $1 LIMIT $2[0m  [["id", 3], ["LIMIT", 1]]
  [1m[36mShortenedUrl Create (0.7ms)[0m  [1m[32mINSERT INTO "shortened_urls" ("long_url", "short_url", "user_id", "created_at", "updated_at") VALUES ($1, $2, $3, $4, $5) RETURNING "id"[0m  [["long_url", "reddit.com"], ["short_url", "s9tlfhVADz4eg_sQjTKyDw"], ["user_id", 3], ["created_at", "2019-01-23 22:43:21.266615"], ["updated_at", "2019-01-23 22:43:21.266615"]]
  [1m[35m (0.4ms)[0m  [1m[35mCOMMIT[0m
  [1m[36mShortenedUrl Exists (0.5ms)[0m  [1m[34mSELECT  1 AS one FROM "shortened_urls" WHERE "shortened_urls"."short_url" = $1 LIMIT $2[0m  [["short_url", "Ka0Oo3AK9X8TxJqbRnH6yw"], ["LIMIT", 1]]
  [1m[35m (0.3ms)[0m  [1m[35mBEGIN[0m
  [1m[36mShortenedUrl Exists (0.6ms)[0m  [1m[34mSELECT  1 AS one FROM "shortened_urls" WHERE "shortened_urls"."short_url" = $1 LIMIT $2[0m  [["short_url", "Ka0Oo3AK9X8TxJqbRnH6yw"], ["LIMIT", 1]]
  [1m[36mUser Load (0.7ms)[0m  [1m[34mSELECT  "users".* FROM "users" WHERE "users"."id" = $1 LIMIT $2[0m  [["id", 4], ["LIMIT", 1]]
  [1m[36mShortenedUrl Create (0.5ms)[0m  [1m[32mINSERT INTO "shortened_urls" ("long_url", "short_url", "user_id", "created_at", "updated_at") VALUES ($1, $2, $3, $4, $5) RETURNING "id"[0m  [["long_url", "yelp.com"], ["short_url", "Ka0Oo3AK9X8TxJqbRnH6yw"], ["user_id", 4], ["created_at", "2019-01-23 22:43:38.596787"], ["updated_at", "2019-01-23 22:43:38.596787"]]
  [1m[35m (0.4ms)[0m  [1m[35mCOMMIT[0m
  [1m[36mShortenedUrl Load (0.5ms)[0m  [1m[34mSELECT "shortened_urls".* FROM "shortened_urls"[0m
  [1m[36mShortenedUrl Exists (0.5ms)[0m  [1m[34mSELECT  1 AS one FROM "shortened_urls" WHERE "shortened_urls"."short_url" = $1 LIMIT $2[0m  [["short_url", "1i8X1WQr4j5qiWSW2mkmUA"], ["LIMIT", 1]]
  [1m[36mShortenedUrl Exists (0.4ms)[0m  [1m[34mSELECT  1 AS one FROM "shortened_urls" WHERE "shortened_urls"."short_url" = $1 LIMIT $2[0m  [["short_url", "iYB3QwEJtfm9huosfY3W8w"], ["LIMIT", 1]]
  [1m[36mShortenedUrl Exists (0.5ms)[0m  [1m[34mSELECT  1 AS one FROM "shortened_urls" WHERE "shortened_urls"."short_url" = $1 LIMIT $2[0m  [["short_url", "azCa4QiO6OISlPb7DjIOow"], ["LIMIT", 1]]
  [1m[35m (0.1ms)[0m  [1m[35mBEGIN[0m
  [1m[36mShortenedUrl Exists (0.3ms)[0m  [1m[34mSELECT  1 AS one FROM "shortened_urls" WHERE "shortened_urls"."short_url" = $1 LIMIT $2[0m  [["short_url", "azCa4QiO6OISlPb7DjIOow"], ["LIMIT", 1]]
  [1m[36mUser Load (0.4ms)[0m  [1m[34mSELECT  "users".* FROM "users" WHERE "users"."id" = $1 LIMIT $2[0m  [["id", 5], ["LIMIT", 1]]
  [1m[36mShortenedUrl Create (0.4ms)[0m  [1m[32mINSERT INTO "shortened_urls" ("long_url", "short_url", "user_id", "created_at", "updated_at") VALUES ($1, $2, $3, $4, $5) RETURNING "id"[0m  [["long_url", "netflix.com"], ["short_url", "azCa4QiO6OISlPb7DjIOow"], ["user_id", 5], ["created_at", "2019-01-23 22:44:25.982229"], ["updated_at", "2019-01-23 22:44:25.982229"]]
  [1m[35m (1.1ms)[0m  [1m[35mCOMMIT[0m
  [1m[36mShortenedUrl Exists (0.4ms)[0m  [1m[34mSELECT  1 AS one FROM "shortened_urls" WHERE "shortened_urls"."short_url" = $1 LIMIT $2[0m  [["short_url", "uurXowa3Fn0kW-RBL0QMSA"], ["LIMIT", 1]]
  [1m[35m (0.1ms)[0m  [1m[35mBEGIN[0m
  [1m[36mShortenedUrl Exists (0.3ms)[0m  [1m[34mSELECT  1 AS one FROM "shortened_urls" WHERE "shortened_urls"."short_url" = $1 LIMIT $2[0m  [["short_url", "uurXowa3Fn0kW-RBL0QMSA"], ["LIMIT", 1]]
  [1m[36mUser Load (0.4ms)[0m  [1m[34mSELECT  "users".* FROM "users" WHERE "users"."id" = $1 LIMIT $2[0m  [["id", 5], ["LIMIT", 1]]
  [1m[36mShortenedUrl Create (0.5ms)[0m  [1m[32mINSERT INTO "shortened_urls" ("long_url", "short_url", "user_id", "created_at", "updated_at") VALUES ($1, $2, $3, $4, $5) RETURNING "id"[0m  [["long_url", "espn.com"], ["short_url", "uurXowa3Fn0kW-RBL0QMSA"], ["user_id", 5], ["created_at", "2019-01-23 22:44:35.207118"], ["updated_at", "2019-01-23 22:44:35.207118"]]
  [1m[35m (0.9ms)[0m  [1m[35mCOMMIT[0m
  [1m[36mShortenedUrl Load (0.4ms)[0m  [1m[34mSELECT "shortened_urls".* FROM "shortened_urls"[0m
  [1m[36mShortenedUrl Load (0.4ms)[0m  [1m[34mSELECT "shortened_urls".* FROM "shortened_urls" WHERE "shortened_urls"."user_id" = $1[0m  [["user_id", 5]]
  [1m[36mShortenedUrl Load (0.4ms)[0m  [1m[34mSELECT  "shortened_urls".* FROM "shortened_urls" ORDER BY "shortened_urls"."id" DESC LIMIT $1[0m  [["LIMIT", 1]]
  [1m[36mUser Load (0.4ms)[0m  [1m[34mSELECT  "users".* FROM "users" WHERE "users"."id" = $1 LIMIT $2[0m  [["id", 5], ["LIMIT", 1]]
  [1m[35m (0.2ms)[0m  [1m[34mSELECT pg_try_advisory_lock(4762635147840476445)[0m
  ↳ bin/rails:9
  [1m[35m (0.8ms)[0m  [1m[34mSELECT "schema_migrations"."version" FROM "schema_migrations" ORDER BY "schema_migrations"."version" ASC[0m
  ↳ bin/rails:9
Migrating to CreateVisits (20190123224727)
  [1m[35m (0.2ms)[0m  [1m[35mBEGIN[0m
  ↳ bin/rails:9
  [1m[35m (6.0ms)[0m  [1m[35mCREATE TABLE "visits" ("id" bigserial primary key, "created_at" timestamp NOT NULL, "updated_at" timestamp NOT NULL)[0m
  ↳ db/migrate/20190123224727_create_visits.rb:3
  [1m[35m (3.4ms)[0m  [1m[35mALTER TABLE "visits" ADD "user_id" bigint[0m
  ↳ db/migrate/20190123224727_create_visits.rb:6
  [1m[35m (1.0ms)[0m  [1m[35mCREATE  INDEX  "index_visits_on_user_id" ON "visits"  ("user_id")[0m
  ↳ db/migrate/20190123224727_create_visits.rb:6
  [1m[35m (10.5ms)[0m  [1m[35mALTER TABLE "visits" ADD CONSTRAINT "fk_rails_09e5e7c20b"
FOREIGN KEY ("user_id")
  REFERENCES "users" ("id")
[0m
  ↳ db/migrate/20190123224727_create_visits.rb:6
  [1m[35m (0.4ms)[0m  [1m[35mALTER TABLE "visits" ADD "short_url_id" bigint[0m
  ↳ db/migrate/20190123224727_create_visits.rb:7
  [1m[35m (1.0ms)[0m  [1m[35mCREATE  INDEX  "index_visits_on_short_url_id" ON "visits"  ("short_url_id")[0m
  ↳ db/migrate/20190123224727_create_visits.rb:7
  [1m[35m (3.1ms)[0m  [1m[35mALTER TABLE "visits" ADD CONSTRAINT "fk_rails_b406ad2b6e"
FOREIGN KEY ("short_url_id")
  REFERENCES "short_urls" ("id")
[0m
  ↳ db/migrate/20190123224727_create_visits.rb:7
  [1m[35m (0.1ms)[0m  [1m[31mROLLBACK[0m
  ↳ bin/rails:9
  [1m[35m (0.2ms)[0m  [1m[34mSELECT pg_advisory_unlock(4762635147840476445)[0m
  ↳ bin/rails:9
  [1m[35m (0.2ms)[0m  [1m[34mSELECT pg_try_advisory_lock(4762635147840476445)[0m
  ↳ bin/rails:9
  [1m[35m (0.8ms)[0m  [1m[34mSELECT "schema_migrations"."version" FROM "schema_migrations" ORDER BY "schema_migrations"."version" ASC[0m
  ↳ bin/rails:9
Migrating to CreateVisits (20190123224727)
  [1m[35m (0.2ms)[0m  [1m[35mBEGIN[0m
  ↳ bin/rails:9
  [1m[35m (4.4ms)[0m  [1m[35mCREATE TABLE "visits" ("id" bigserial primary key, "user" integer, "short_url" integer, "created_at" timestamp NOT NULL, "updated_at" timestamp NOT NULL)[0m
  ↳ db/migrate/20190123224727_create_visits.rb:3
  [1m[35m (0.5ms)[0m  [1m[35mALTER TABLE "visits" ADD "user_id" bigint[0m
  ↳ db/migrate/20190123224727_create_visits.rb:9
  [1m[35m (1.3ms)[0m  [1m[35mCREATE  INDEX  "index_visits_on_user_id" ON "visits"  ("user_id")[0m
  ↳ db/migrate/20190123224727_create_visits.rb:9
  [1m[35m (1.9ms)[0m  [1m[35mALTER TABLE "visits" ADD CONSTRAINT "fk_rails_09e5e7c20b"
FOREIGN KEY ("user_id")
  REFERENCES "users" ("id")
[0m
  ↳ db/migrate/20190123224727_create_visits.rb:9
  [1m[35m (0.3ms)[0m  [1m[35mALTER TABLE "visits" ADD "short_url_id" bigint[0m
  ↳ db/migrate/20190123224727_create_visits.rb:10
  [1m[35m (1.1ms)[0m  [1m[35mCREATE  INDEX  "index_visits_on_short_url_id" ON "visits"  ("short_url_id")[0m
  ↳ db/migrate/20190123224727_create_visits.rb:10
  [1m[35m (3.1ms)[0m  [1m[35mALTER TABLE "visits" ADD CONSTRAINT "fk_rails_b406ad2b6e"
FOREIGN KEY ("short_url_id")
  REFERENCES "short_urls" ("id")
[0m
  ↳ db/migrate/20190123224727_create_visits.rb:10
  [1m[35m (0.1ms)[0m  [1m[31mROLLBACK[0m
  ↳ bin/rails:9
  [1m[35m (0.3ms)[0m  [1m[34mSELECT pg_advisory_unlock(4762635147840476445)[0m
  ↳ bin/rails:9
  [1m[35m (0.2ms)[0m  [1m[34mSELECT pg_try_advisory_lock(4762635147840476445)[0m
  ↳ bin/rails:9
  [1m[35m (0.9ms)[0m  [1m[34mSELECT "schema_migrations"."version" FROM "schema_migrations" ORDER BY "schema_migrations"."version" ASC[0m
  ↳ bin/rails:9
Migrating to CreateVisits (20190123224727)
  [1m[35m (0.2ms)[0m  [1m[35mBEGIN[0m
  ↳ bin/rails:9
  [1m[35m (4.8ms)[0m  [1m[35mCREATE TABLE "visits" ("id" bigserial primary key, "user" integer, "short_url" integer, "created_at" timestamp NOT NULL, "updated_at" timestamp NOT NULL)[0m
  ↳ db/migrate/20190123224727_create_visits.rb:3
  [1m[35m (0.5ms)[0m  [1m[35mALTER TABLE "visits" ADD "user_id" bigint[0m
  ↳ db/migrate/20190123224727_create_visits.rb:9
  [1m[35m (1.1ms)[0m  [1m[35mCREATE  INDEX  "index_visits_on_user_id" ON "visits"  ("user_id")[0m
  ↳ db/migrate/20190123224727_create_visits.rb:9
  [1m[35m (2.0ms)[0m  [1m[35mALTER TABLE "visits" ADD CONSTRAINT "fk_rails_09e5e7c20b"
FOREIGN KEY ("user_id")
  REFERENCES "users" ("id")
[0m
  ↳ db/migrate/20190123224727_create_visits.rb:9
  [1m[35m (0.3ms)[0m  [1m[35mALTER TABLE "visits" ADD "shortened_url_id" bigint[0m
  ↳ db/migrate/20190123224727_create_visits.rb:10
  [1m[35m (1.0ms)[0m  [1m[35mCREATE  INDEX  "index_visits_on_shortened_url_id" ON "visits"  ("shortened_url_id")[0m
  ↳ db/migrate/20190123224727_create_visits.rb:10
  [1m[35m (1.7ms)[0m  [1m[35mALTER TABLE "visits" ADD CONSTRAINT "fk_rails_c38f7bba8a"
FOREIGN KEY ("shortened_url_id")
  REFERENCES "shortened_urls" ("id")
[0m
  ↳ db/migrate/20190123224727_create_visits.rb:10
  [1m[36mActiveRecord::SchemaMigration Create (0.5ms)[0m  [1m[32mINSERT INTO "schema_migrations" ("version") VALUES ($1) RETURNING "version"[0m  [["version", "20190123224727"]]
  ↳ bin/rails:9
  [1m[35m (0.5ms)[0m  [1m[35mCOMMIT[0m
  ↳ bin/rails:9
  [1m[36mActiveRecord::InternalMetadata Load (0.5ms)[0m  [1m[34mSELECT  "ar_internal_metadata".* FROM "ar_internal_metadata" WHERE "ar_internal_metadata"."key" = $1 LIMIT $2[0m  [["key", "environment"], ["LIMIT", 1]]
  ↳ bin/rails:9
  [1m[35m (0.2ms)[0m  [1m[35mBEGIN[0m
  ↳ bin/rails:9
  [1m[35m (0.2ms)[0m  [1m[35mCOMMIT[0m
  ↳ bin/rails:9
  [1m[35m (0.3ms)[0m  [1m[34mSELECT pg_advisory_unlock(4762635147840476445)[0m
  ↳ bin/rails:9
  [1m[35m (0.3ms)[0m  [1m[34mSELECT "schema_migrations"."version" FROM "schema_migrations" ORDER BY "schema_migrations"."version" ASC[0m
  ↳ bin/rails:9
  [1m[35m (0.2ms)[0m  [1m[34mSELECT pg_try_advisory_lock(4762635147840476445)[0m
  ↳ bin/rails:9
  [1m[35m (1.3ms)[0m  [1m[34mSELECT "schema_migrations"."version" FROM "schema_migrations" ORDER BY "schema_migrations"."version" ASC[0m
  ↳ bin/rails:9
Migrating to DeleteVisitColumns (20190123225942)
  [1m[35m (0.3ms)[0m  [1m[35mBEGIN[0m
  ↳ bin/rails:9
  [1m[35m (4.3ms)[0m  [1m[35mALTER TABLE "visits" DROP COLUMN "user"[0m
  ↳ db/migrate/20190123225942_delete_visit_columns.rb:3
  [1m[35m (0.4ms)[0m  [1m[35mALTER TABLE "visits" DROP COLUMN "short_url"[0m
  ↳ db/migrate/20190123225942_delete_visit_columns.rb:4
  [1m[36mActiveRecord::SchemaMigration Create (0.6ms)[0m  [1m[32mINSERT INTO "schema_migrations" ("version") VALUES ($1) RETURNING "version"[0m  [["version", "20190123225942"]]
  ↳ bin/rails:9
  [1m[35m (0.5ms)[0m  [1m[35mCOMMIT[0m
  ↳ bin/rails:9
  [1m[36mActiveRecord::InternalMetadata Load (0.5ms)[0m  [1m[34mSELECT  "ar_internal_metadata".* FROM "ar_internal_metadata" WHERE "ar_internal_metadata"."key" = $1 LIMIT $2[0m  [["key", "environment"], ["LIMIT", 1]]
  ↳ bin/rails:9
  [1m[35m (0.2ms)[0m  [1m[35mBEGIN[0m
  ↳ bin/rails:9
  [1m[35m (0.1ms)[0m  [1m[35mCOMMIT[0m
  ↳ bin/rails:9
  [1m[35m (0.2ms)[0m  [1m[34mSELECT pg_advisory_unlock(4762635147840476445)[0m
  ↳ bin/rails:9
  [1m[35m (0.3ms)[0m  [1m[34mSELECT "schema_migrations"."version" FROM "schema_migrations" ORDER BY "schema_migrations"."version" ASC[0m
  ↳ bin/rails:9
  [1m[35m (0.4ms)[0m  [1m[34mSELECT pg_try_advisory_lock(4762635147840476445)[0m
  ↳ bin/rails:9
  [1m[35m (1.2ms)[0m  [1m[34mSELECT "schema_migrations"."version" FROM "schema_migrations" ORDER BY "schema_migrations"."version" ASC[0m
  ↳ bin/rails:9
Migrating to EditVisitColsToNotNull (20190123230057)
  [1m[35m (0.2ms)[0m  [1m[35mBEGIN[0m
  ↳ bin/rails:9
  [1m[35m (1.6ms)[0m  [1m[35mALTER TABLE "visits" ALTER "user_id" SET NOT NULL[0m
  ↳ db/migrate/20190123230057_edit_visit_cols_to_not_null.rb:3
  [1m[35m (0.3ms)[0m  [1m[35mALTER TABLE "visits" ALTER "user_id" SET NOT NULL[0m
  ↳ db/migrate/20190123230057_edit_visit_cols_to_not_null.rb:4
  [1m[36mActiveRecord::SchemaMigration Create (0.4ms)[0m  [1m[32mINSERT INTO "schema_migrations" ("version") VALUES ($1) RETURNING "version"[0m  [["version", "20190123230057"]]
  ↳ bin/rails:9
  [1m[35m (0.4ms)[0m  [1m[35mCOMMIT[0m
  ↳ bin/rails:9
  [1m[36mActiveRecord::InternalMetadata Load (0.5ms)[0m  [1m[34mSELECT  "ar_internal_metadata".* FROM "ar_internal_metadata" WHERE "ar_internal_metadata"."key" = $1 LIMIT $2[0m  [["key", "environment"], ["LIMIT", 1]]
  ↳ bin/rails:9
  [1m[35m (0.2ms)[0m  [1m[35mBEGIN[0m
  ↳ bin/rails:9
  [1m[35m (0.1ms)[0m  [1m[35mCOMMIT[0m
  ↳ bin/rails:9
  [1m[35m (0.2ms)[0m  [1m[34mSELECT pg_advisory_unlock(4762635147840476445)[0m
  ↳ bin/rails:9
  [1m[35m (0.3ms)[0m  [1m[34mSELECT "schema_migrations"."version" FROM "schema_migrations" ORDER BY "schema_migrations"."version" ASC[0m
  ↳ bin/rails:9
  [1m[35m (0.2ms)[0m  [1m[34mSELECT pg_try_advisory_lock(4762635147840476445)[0m
  ↳ bin/rails:9
  [1m[35m (0.8ms)[0m  [1m[34mSELECT "schema_migrations"."version" FROM "schema_migrations" ORDER BY "schema_migrations"."version" ASC[0m
  ↳ bin/rails:9
Migrating to EditVisitColsToNotNullAgain (20190123230215)
  [1m[35m (0.2ms)[0m  [1m[35mBEGIN[0m
  ↳ bin/rails:9
  [1m[35m (0.7ms)[0m  [1m[35mALTER TABLE "visits" ALTER "shortened_url_id" SET NOT NULL[0m
  ↳ db/migrate/20190123230215_edit_visit_cols_to_not_null_again.rb:3
  [1m[36mActiveRecord::SchemaMigration Create (0.4ms)[0m  [1m[32mINSERT INTO "schema_migrations" ("version") VALUES ($1) RETURNING "version"[0m  [["version", "20190123230215"]]
  ↳ bin/rails:9
  [1m[35m (0.5ms)[0m  [1m[35mCOMMIT[0m
  ↳ bin/rails:9
  [1m[36mActiveRecord::InternalMetadata Load (0.4ms)[0m  [1m[34mSELECT  "ar_internal_metadata".* FROM "ar_internal_metadata" WHERE "ar_internal_metadata"."key" = $1 LIMIT $2[0m  [["key", "environment"], ["LIMIT", 1]]
  ↳ bin/rails:9
  [1m[35m (0.2ms)[0m  [1m[35mBEGIN[0m
  ↳ bin/rails:9
  [1m[35m (0.1ms)[0m  [1m[35mCOMMIT[0m
  ↳ bin/rails:9
  [1m[35m (0.2ms)[0m  [1m[34mSELECT pg_advisory_unlock(4762635147840476445)[0m
  ↳ bin/rails:9
  [1m[35m (0.3ms)[0m  [1m[34mSELECT "schema_migrations"."version" FROM "schema_migrations" ORDER BY "schema_migrations"."version" ASC[0m
  ↳ bin/rails:9
  [1m[35m (1.3ms)[0m  [1m[34mSELECT "schema_migrations"."version" FROM "schema_migrations" ORDER BY "schema_migrations"."version" ASC[0m
  ↳ /Users/jasonfu/.rbenv/versions/2.5.1/bin/annotate:23
  [1m[36mShortenedUrl Exists (0.6ms)[0m  [1m[34mSELECT  1 AS one FROM "shortened_urls" WHERE "shortened_urls"."id" = $1 LIMIT $2[0m  [["id", 1], ["LIMIT", 1]]
  [1m[36mShortenedUrl Load (0.4ms)[0m  [1m[34mSELECT  "shortened_urls".* FROM "shortened_urls" ORDER BY "shortened_urls"."id" ASC LIMIT $1[0m  [["LIMIT", 1]]
  [1m[35m (0.2ms)[0m  [1m[35mBEGIN[0m
  [1m[36mVisit Create (3.7ms)[0m  [1m[32mINSERT INTO "visits" ("created_at", "updated_at", "user_id", "shortened_url_id") VALUES ($1, $2, $3, $4) RETURNING "id"[0m  [["created_at", "2019-01-23 23:06:19.641262"], ["updated_at", "2019-01-23 23:06:19.641262"], ["user_id", 3], ["shortened_url_id", 1]]
  [1m[35m (0.4ms)[0m  [1m[35mCOMMIT[0m
  [1m[36mVisit Load (0.4ms)[0m  [1m[34mSELECT "visits".* FROM "visits"[0m
  [1m[35m (0.2ms)[0m  [1m[35mBEGIN[0m
  [1m[36mVisit Create (1.8ms)[0m  [1m[32mINSERT INTO "visits" ("created_at", "updated_at", "user_id", "shortened_url_id") VALUES ($1, $2, $3, $4) RETURNING "id"[0m  [["created_at", "2019-01-23 23:06:30.888526"], ["updated_at", "2019-01-23 23:06:30.888526"], ["user_id", 3], ["shortened_url_id", 1]]
  [1m[35m (1.6ms)[0m  [1m[35mCOMMIT[0m
  [1m[36mVisit Load (0.4ms)[0m  [1m[34mSELECT "visits".* FROM "visits"[0m
  [1m[36mShortenedUrl Load (0.3ms)[0m  [1m[34mSELECT  "shortened_urls".* FROM "shortened_urls" ORDER BY "shortened_urls"."id" DESC LIMIT $1[0m  [["LIMIT", 1]]
  [1m[36mShortenedUrl Load (0.4ms)[0m  [1m[34mSELECT  "shortened_urls".* FROM "shortened_urls" ORDER BY "shortened_urls"."id" ASC LIMIT $1[0m  [["LIMIT", 1]]
  [1m[36mShortenedUrl Load (0.4ms)[0m  [1m[34mSELECT "shortened_urls".* FROM "shortened_urls"[0m
  [1m[36mVisit Load (0.4ms)[0m  [1m[34mSELECT "visits".* FROM "visits"[0m
  [1m[36mShortenedUrl Load (0.4ms)[0m  [1m[34mSELECT  "shortened_urls".* FROM "shortened_urls" ORDER BY "shortened_urls"."id" ASC LIMIT $1[0m  [["LIMIT", 1]]
  [1m[36mVisit Load (0.4ms)[0m  [1m[34mSELECT "visits".* FROM "visits"[0m
  [1m[36mUser Load (0.3ms)[0m  [1m[34mSELECT "users".* FROM "users" WHERE "users"."id" = $1[0m  [["id", 3]]
  [1m[36mUser Load (1.2ms)[0m  [1m[34mSELECT "users".* FROM "users"[0m
  [1m[36mUser Load (0.4ms)[0m  [1m[34mSELECT  "users".* FROM "users" ORDER BY "users"."id" DESC LIMIT $1[0m  [["LIMIT", 1]]
  [1m[36mShortenedUrl Load (0.4ms)[0m  [1m[34mSELECT "shortened_urls".* FROM "shortened_urls" WHERE "shortened_urls"."user_id" = $1[0m  [["user_id", 5]]
  [1m[36mVisit Load (0.3ms)[0m  [1m[34mSELECT "visits".* FROM "visits" WHERE "visits"."user_id" = $1[0m  [["user_id", 5]]
  [1m[36mUser Load (0.4ms)[0m  [1m[34mSELECT "users".* FROM "users" WHERE "users"."id" = $1[0m  [["id", 3]]
  [1m[36mUser Load (0.3ms)[0m  [1m[34mSELECT  "users".* FROM "users" ORDER BY "users"."id" DESC LIMIT $1[0m  [["LIMIT", 1]]
  [1m[36mUser Load (0.4ms)[0m  [1m[34mSELECT  "users".* FROM "users" ORDER BY "users"."id" DESC LIMIT $1[0m  [["LIMIT", 1]]
  [1m[36mShortenedUrl Load (0.3ms)[0m  [1m[34mSELECT "shortened_urls".* FROM "shortened_urls" WHERE "shortened_urls"."user_id" = $1[0m  [["user_id", 5]]
  [1m[36mUser Load (0.9ms)[0m  [1m[34mSELECT  "users".* FROM "users" ORDER BY "users"."id" ASC LIMIT $1[0m  [["LIMIT", 1]]
  [1m[36mShortenedUrl Load (0.4ms)[0m  [1m[34mSELECT  "shortened_urls".* FROM "shortened_urls" ORDER BY "shortened_urls"."id" DESC LIMIT $1[0m  [["LIMIT", 1]]
  [1m[35m (0.2ms)[0m  [1m[35mBEGIN[0m
  [1m[36mVisit Create (0.6ms)[0m  [1m[32mINSERT INTO "visits" ("created_at", "updated_at", "user_id", "shortened_url_id") VALUES ($1, $2, $3, $4) RETURNING "id"[0m  [["created_at", "2019-01-23 23:19:15.030700"], ["updated_at", "2019-01-23 23:19:15.030700"], ["user_id", 1], ["shortened_url_id", 5]]
  [1m[35m (0.3ms)[0m  [1m[35mCOMMIT[0m
  [1m[36mVisit Load (0.4ms)[0m  [1m[34mSELECT "visits".* FROM "visits" WHERE "visits"."user_id" = $1[0m  [["user_id", 1]]
  [1m[36mVisit Load (0.4ms)[0m  [1m[34mSELECT "visits".* FROM "visits" WHERE "visits"."shortened_url_id" = $1[0m  [["shortened_url_id", 5]]
  [1m[35m (0.4ms)[0m  [1m[34mSELECT pg_try_advisory_lock(4762635147840476445)[0m
  ↳ bin/rails:9
  [1m[35m (0.9ms)[0m  [1m[34mSELECT "schema_migrations"."version" FROM "schema_migrations" ORDER BY "schema_migrations"."version" ASC[0m
  ↳ bin/rails:9
Migrating to RemovingForeignKeys (20190123232302)
  [1m[35m (0.2ms)[0m  [1m[35mBEGIN[0m
  ↳ bin/rails:9
  [1m[35m (0.2ms)[0m  [1m[31mROLLBACK[0m
  ↳ bin/rails:9
  [1m[35m (0.2ms)[0m  [1m[34mSELECT pg_advisory_unlock(4762635147840476445)[0m
  ↳ bin/rails:9
  [1m[35m (0.2ms)[0m  [1m[34mSELECT pg_try_advisory_lock(4762635147840476445)[0m
  ↳ bin/rails:9
  [1m[35m (0.9ms)[0m  [1m[34mSELECT "schema_migrations"."version" FROM "schema_migrations" ORDER BY "schema_migrations"."version" ASC[0m
  ↳ bin/rails:9
Migrating to RemovingForeignKeys (20190123232302)
  [1m[35m (0.2ms)[0m  [1m[35mBEGIN[0m
  ↳ bin/rails:9
  [1m[35m (0.3ms)[0m  [1m[31mROLLBACK[0m
  ↳ bin/rails:9
  [1m[35m (0.3ms)[0m  [1m[34mSELECT pg_advisory_unlock(4762635147840476445)[0m
  ↳ bin/rails:9
  [1m[35m (0.2ms)[0m  [1m[34mSELECT pg_try_advisory_lock(4762635147840476445)[0m
  ↳ bin/rails:9
  [1m[35m (0.8ms)[0m  [1m[34mSELECT "schema_migrations"."version" FROM "schema_migrations" ORDER BY "schema_migrations"."version" ASC[0m
  ↳ bin/rails:9
Migrating to RemovingForeignKeys (20190123232302)
  [1m[35m (0.3ms)[0m  [1m[35mBEGIN[0m
  ↳ bin/rails:9
  [1m[35m (0.2ms)[0m  [1m[31mROLLBACK[0m
  ↳ bin/rails:9
  [1m[35m (0.2ms)[0m  [1m[34mSELECT pg_advisory_unlock(4762635147840476445)[0m
  ↳ bin/rails:9
  [1m[35m (0.2ms)[0m  [1m[34mSELECT pg_try_advisory_lock(4762635147840476445)[0m
  ↳ bin/rails:9
  [1m[35m (0.9ms)[0m  [1m[34mSELECT "schema_migrations"."version" FROM "schema_migrations" ORDER BY "schema_migrations"."version" ASC[0m
  ↳ bin/rails:9
Migrating to RemovingForeignKeys (20190123232302)
  [1m[35m (0.2ms)[0m  [1m[35mBEGIN[0m
  ↳ bin/rails:9
  [1m[35m (0.2ms)[0m  [1m[31mROLLBACK[0m
  ↳ bin/rails:9
  [1m[35m (0.2ms)[0m  [1m[34mSELECT pg_advisory_unlock(4762635147840476445)[0m
  ↳ bin/rails:9
  [1m[35m (0.8ms)[0m  [1m[34mSELECT "schema_migrations"."version" FROM "schema_migrations" ORDER BY "schema_migrations"."version" ASC[0m
  ↳ bin/rails:9
  [1m[35m (0.3ms)[0m  [1m[34mSELECT "schema_migrations"."version" FROM "schema_migrations" ORDER BY "schema_migrations"."version" ASC[0m
  ↳ bin/rails:9
  [1m[35m (0.2ms)[0m  [1m[34mSELECT "schema_migrations"."version" FROM "schema_migrations" ORDER BY "schema_migrations"."version" ASC[0m
  ↳ bin/rails:9
  [1m[35m (0.2ms)[0m  [1m[34mSELECT pg_try_advisory_lock(4762635147840476445)[0m
  ↳ bin/rails:9
  [1m[35m (0.2ms)[0m  [1m[34mSELECT "schema_migrations"."version" FROM "schema_migrations" ORDER BY "schema_migrations"."version" ASC[0m
  ↳ bin/rails:9
Migrating to EditVisitColsToNotNullAgain (20190123230215)
  [1m[35m (0.2ms)[0m  [1m[35mBEGIN[0m
  ↳ bin/rails:9
  [1m[35m (1.3ms)[0m  [1m[35mALTER TABLE "visits" ALTER "shortened_url_id" DROP NOT NULL[0m
  ↳ bin/rails:9
  [1m[36mActiveRecord::SchemaMigration Destroy (0.6ms)[0m  [1m[31mDELETE FROM "schema_migrations" WHERE "schema_migrations"."version" = $1[0m  [["version", "20190123230215"]]
  ↳ bin/rails:9
  [1m[35m (0.5ms)[0m  [1m[35mCOMMIT[0m
  ↳ bin/rails:9
  [1m[35m (0.2ms)[0m  [1m[34mSELECT pg_advisory_unlock(4762635147840476445)[0m
  ↳ bin/rails:9
  [1m[35m (0.3ms)[0m  [1m[34mSELECT "schema_migrations"."version" FROM "schema_migrations" ORDER BY "schema_migrations"."version" ASC[0m
  ↳ bin/rails:9
  [1m[35m (0.8ms)[0m  [1m[34mSELECT "schema_migrations"."version" FROM "schema_migrations" ORDER BY "schema_migrations"."version" ASC[0m
  ↳ bin/rails:9
  [1m[35m (0.3ms)[0m  [1m[34mSELECT "schema_migrations"."version" FROM "schema_migrations" ORDER BY "schema_migrations"."version" ASC[0m
  ↳ bin/rails:9
  [1m[35m (0.2ms)[0m  [1m[34mSELECT "schema_migrations"."version" FROM "schema_migrations" ORDER BY "schema_migrations"."version" ASC[0m
  ↳ bin/rails:9
  [1m[35m (0.2ms)[0m  [1m[34mSELECT pg_try_advisory_lock(4762635147840476445)[0m
  ↳ bin/rails:9
  [1m[35m (0.2ms)[0m  [1m[34mSELECT "schema_migrations"."version" FROM "schema_migrations" ORDER BY "schema_migrations"."version" ASC[0m
  ↳ bin/rails:9
Migrating to EditVisitColsToNotNull (20190123230057)
  [1m[35m (0.2ms)[0m  [1m[35mBEGIN[0m
  ↳ bin/rails:9
  [1m[35m (0.8ms)[0m  [1m[35mALTER TABLE "visits" ALTER "user_id" DROP NOT NULL[0m
  ↳ bin/rails:9
  [1m[35m (0.3ms)[0m  [1m[35mALTER TABLE "visits" ALTER "user_id" DROP NOT NULL[0m
  ↳ bin/rails:9
  [1m[36mActiveRecord::SchemaMigration Destroy (0.6ms)[0m  [1m[31mDELETE FROM "schema_migrations" WHERE "schema_migrations"."version" = $1[0m  [["version", "20190123230057"]]
  ↳ bin/rails:9
  [1m[35m (0.5ms)[0m  [1m[35mCOMMIT[0m
  ↳ bin/rails:9
  [1m[35m (0.3ms)[0m  [1m[34mSELECT pg_advisory_unlock(4762635147840476445)[0m
  ↳ bin/rails:9
  [1m[35m (0.3ms)[0m  [1m[34mSELECT "schema_migrations"."version" FROM "schema_migrations" ORDER BY "schema_migrations"."version" ASC[0m
  ↳ bin/rails:9
  [1m[35m (1.0ms)[0m  [1m[34mSELECT "schema_migrations"."version" FROM "schema_migrations" ORDER BY "schema_migrations"."version" ASC[0m
  ↳ bin/rails:9
  [1m[35m (0.3ms)[0m  [1m[34mSELECT "schema_migrations"."version" FROM "schema_migrations" ORDER BY "schema_migrations"."version" ASC[0m
  ↳ bin/rails:9
  [1m[35m (0.4ms)[0m  [1m[34mSELECT "schema_migrations"."version" FROM "schema_migrations" ORDER BY "schema_migrations"."version" ASC[0m
  ↳ bin/rails:9
  [1m[35m (0.3ms)[0m  [1m[34mSELECT pg_try_advisory_lock(4762635147840476445)[0m
  ↳ bin/rails:9
  [1m[35m (0.3ms)[0m  [1m[34mSELECT "schema_migrations"."version" FROM "schema_migrations" ORDER BY "schema_migrations"."version" ASC[0m
  ↳ bin/rails:9
Migrating to DeleteVisitColumns (20190123225942)
  [1m[35m (0.2ms)[0m  [1m[35mBEGIN[0m
  ↳ bin/rails:9
  [1m[35m (0.2ms)[0m  [1m[31mROLLBACK[0m
  ↳ bin/rails:9
  [1m[35m (0.3ms)[0m  [1m[34mSELECT pg_advisory_unlock(4762635147840476445)[0m
  ↳ bin/rails:9
  [1m[35m (0.2ms)[0m  [1m[34mSELECT pg_try_advisory_lock(4762635147840476445)[0m
  ↳ bin/rails:9
  [1m[35m (0.9ms)[0m  [1m[34mSELECT "schema_migrations"."version" FROM "schema_migrations" ORDER BY "schema_migrations"."version" ASC[0m
  ↳ bin/rails:9
Migrating to EditVisitColsToNotNull (20190123230057)
  [1m[35m (0.2ms)[0m  [1m[35mBEGIN[0m
  ↳ bin/rails:9
  [1m[35m (0.9ms)[0m  [1m[35mALTER TABLE "visits" ALTER "user_id" SET NOT NULL[0m
  ↳ db/migrate/20190123230057_edit_visit_cols_to_not_null.rb:3
  [1m[35m (0.2ms)[0m  [1m[35mALTER TABLE "visits" ALTER "user_id" SET NOT NULL[0m
  ↳ db/migrate/20190123230057_edit_visit_cols_to_not_null.rb:4
  [1m[36mActiveRecord::SchemaMigration Create (0.5ms)[0m  [1m[32mINSERT INTO "schema_migrations" ("version") VALUES ($1) RETURNING "version"[0m  [["version", "20190123230057"]]
  ↳ bin/rails:9
  [1m[35m (0.5ms)[0m  [1m[35mCOMMIT[0m
  ↳ bin/rails:9
Migrating to EditVisitColsToNotNullAgain (20190123230215)
  [1m[35m (0.2ms)[0m  [1m[35mBEGIN[0m
  ↳ bin/rails:9
  [1m[35m (0.4ms)[0m  [1m[35mALTER TABLE "visits" ALTER "shortened_url_id" SET NOT NULL[0m
  ↳ db/migrate/20190123230215_edit_visit_cols_to_not_null_again.rb:3
  [1m[36mActiveRecord::SchemaMigration Create (0.3ms)[0m  [1m[32mINSERT INTO "schema_migrations" ("version") VALUES ($1) RETURNING "version"[0m  [["version", "20190123230215"]]
  ↳ bin/rails:9
  [1m[35m (0.3ms)[0m  [1m[35mCOMMIT[0m
  ↳ bin/rails:9
Migrating to RemovingForeignKeys (20190123232302)
  [1m[35m (0.2ms)[0m  [1m[35mBEGIN[0m
  ↳ bin/rails:9
  [1m[35m (0.2ms)[0m  [1m[31mROLLBACK[0m
  ↳ bin/rails:9
  [1m[35m (0.2ms)[0m  [1m[34mSELECT pg_advisory_unlock(4762635147840476445)[0m
  ↳ bin/rails:9
  [1m[35m (0.2ms)[0m  [1m[34mSELECT pg_try_advisory_lock(4762635147840476445)[0m
  ↳ bin/rails:9
  [1m[35m (0.9ms)[0m  [1m[34mSELECT "schema_migrations"."version" FROM "schema_migrations" ORDER BY "schema_migrations"."version" ASC[0m
  ↳ bin/rails:9
  [1m[36mActiveRecord::InternalMetadata Load (0.5ms)[0m  [1m[34mSELECT  "ar_internal_metadata".* FROM "ar_internal_metadata" WHERE "ar_internal_metadata"."key" = $1 LIMIT $2[0m  [["key", "environment"], ["LIMIT", 1]]
  ↳ bin/rails:9
  [1m[35m (0.2ms)[0m  [1m[35mBEGIN[0m
  ↳ bin/rails:9
  [1m[35m (0.1ms)[0m  [1m[35mCOMMIT[0m
  ↳ bin/rails:9
  [1m[35m (0.2ms)[0m  [1m[34mSELECT pg_advisory_unlock(4762635147840476445)[0m
  ↳ bin/rails:9
  [1m[35m (0.3ms)[0m  [1m[34mSELECT "schema_migrations"."version" FROM "schema_migrations" ORDER BY "schema_migrations"."version" ASC[0m
  ↳ bin/rails:9
  [1m[36mUser Load (0.6ms)[0m  [1m[34mSELECT  "users".* FROM "users" ORDER BY "users"."id" ASC LIMIT $1[0m  [["LIMIT", 1]]
  [1m[36mShortenedUrl Load (0.6ms)[0m  [1m[34mSELECT  "shortened_urls".* FROM "shortened_urls" ORDER BY "shortened_urls"."id" DESC LIMIT $1[0m  [["LIMIT", 1]]
  [1m[36mVisit Load (0.8ms)[0m  [1m[34mSELECT "visits".* FROM "visits"[0m
  [1m[36mVisit Load (0.4ms)[0m  [1m[34mSELECT "visits".* FROM "visits" WHERE "visits"."shortened_url_id" = $1[0m  [["shortened_url_id", 5]]
  [1m[36mVisit Load (0.4ms)[0m  [1m[34mSELECT "visits".* FROM "visits"[0m
  [1m[36mVisit Load (0.3ms)[0m  [1m[34mSELECT "visits".* FROM "visits" WHERE "visits"."user_id" = $1[0m  [["user_id", 1]]
  [1m[35m (0.2ms)[0m  [1m[34mSELECT pg_try_advisory_lock(4762635147840476445)[0m
  ↳ bin/rails:9
  [1m[35m (0.8ms)[0m  [1m[34mSELECT "schema_migrations"."version" FROM "schema_migrations" ORDER BY "schema_migrations"."version" ASC[0m
  ↳ bin/rails:9
Migrating to RemoveReferences (20190123235455)
  [1m[35m (0.2ms)[0m  [1m[35mBEGIN[0m
  ↳ bin/rails:9
  [1m[35m (3.5ms)[0m  [1m[35mALTER TABLE "visits" DROP CONSTRAINT "fk_rails_09e5e7c20b"[0m
  ↳ db/migrate/20190123235455_remove_references.rb:3
  [1m[35m (1.1ms)[0m  [1m[35mALTER TABLE "visits" DROP COLUMN "user_id"[0m
  ↳ db/migrate/20190123235455_remove_references.rb:3
  [1m[35m (0.6ms)[0m  [1m[35mALTER TABLE "visits" DROP CONSTRAINT "fk_rails_c38f7bba8a"[0m
  ↳ db/migrate/20190123235455_remove_references.rb:4
  [1m[35m (0.4ms)[0m  [1m[35mALTER TABLE "visits" DROP COLUMN "shortened_url_id"[0m
  ↳ db/migrate/20190123235455_remove_references.rb:4
  [1m[36mActiveRecord::SchemaMigration Create (0.4ms)[0m  [1m[32mINSERT INTO "schema_migrations" ("version") VALUES ($1) RETURNING "version"[0m  [["version", "20190123235455"]]
  ↳ bin/rails:9
  [1m[35m (3.2ms)[0m  [1m[35mCOMMIT[0m
  ↳ bin/rails:9
  [1m[36mActiveRecord::InternalMetadata Load (0.4ms)[0m  [1m[34mSELECT  "ar_internal_metadata".* FROM "ar_internal_metadata" WHERE "ar_internal_metadata"."key" = $1 LIMIT $2[0m  [["key", "environment"], ["LIMIT", 1]]
  ↳ bin/rails:9
  [1m[35m (0.2ms)[0m  [1m[35mBEGIN[0m
  ↳ bin/rails:9
  [1m[35m (0.2ms)[0m  [1m[35mCOMMIT[0m
  ↳ bin/rails:9
  [1m[35m (0.3ms)[0m  [1m[34mSELECT pg_advisory_unlock(4762635147840476445)[0m
  ↳ bin/rails:9
  [1m[35m (0.3ms)[0m  [1m[34mSELECT "schema_migrations"."version" FROM "schema_migrations" ORDER BY "schema_migrations"."version" ASC[0m
  ↳ bin/rails:9
  [1m[35m (0.2ms)[0m  [1m[34mSELECT pg_try_advisory_lock(4762635147840476445)[0m
  ↳ bin/rails:9
  [1m[35m (0.8ms)[0m  [1m[34mSELECT "schema_migrations"."version" FROM "schema_migrations" ORDER BY "schema_migrations"."version" ASC[0m
  ↳ bin/rails:9
Migrating to AddForeignKeys (20190123235647)
  [1m[35m (0.2ms)[0m  [1m[35mBEGIN[0m
  ↳ bin/rails:9
  [1m[35m (0.9ms)[0m  [1m[35mALTER TABLE "visits" ADD "user_id" integer[0m
  ↳ db/migrate/20190123235647_add_foreign_keys.rb:3
  [1m[35m (0.3ms)[0m  [1m[35mALTER TABLE "visits" ADD "short_url_id" integer[0m
  ↳ db/migrate/20190123235647_add_foreign_keys.rb:4
  [1m[36mActiveRecord::SchemaMigration Create (0.5ms)[0m  [1m[32mINSERT INTO "schema_migrations" ("version") VALUES ($1) RETURNING "version"[0m  [["version", "20190123235647"]]
  ↳ bin/rails:9
  [1m[35m (0.4ms)[0m  [1m[35mCOMMIT[0m
  ↳ bin/rails:9
  [1m[36mActiveRecord::InternalMetadata Load (0.4ms)[0m  [1m[34mSELECT  "ar_internal_metadata".* FROM "ar_internal_metadata" WHERE "ar_internal_metadata"."key" = $1 LIMIT $2[0m  [["key", "environment"], ["LIMIT", 1]]
  ↳ bin/rails:9
  [1m[35m (0.2ms)[0m  [1m[35mBEGIN[0m
  ↳ bin/rails:9
  [1m[35m (0.1ms)[0m  [1m[35mCOMMIT[0m
  ↳ bin/rails:9
  [1m[35m (0.2ms)[0m  [1m[34mSELECT pg_advisory_unlock(4762635147840476445)[0m
  ↳ bin/rails:9
  [1m[35m (0.3ms)[0m  [1m[34mSELECT "schema_migrations"."version" FROM "schema_migrations" ORDER BY "schema_migrations"."version" ASC[0m
  ↳ bin/rails:9
  [1m[35m (0.9ms)[0m  [1m[34mSELECT "schema_migrations"."version" FROM "schema_migrations" ORDER BY "schema_migrations"."version" ASC[0m
  ↳ /Users/jasonfu/.rbenv/versions/2.5.1/bin/annotate:23
  [1m[35m (0.2ms)[0m  [1m[34mSELECT pg_try_advisory_lock(4762635147840476445)[0m
  ↳ bin/rails:9
  [1m[35m (0.9ms)[0m  [1m[34mSELECT "schema_migrations"."version" FROM "schema_migrations" ORDER BY "schema_migrations"."version" ASC[0m
  ↳ bin/rails:9
Migrating to UpdateForeignKeys (20190123235921)
  [1m[35m (0.2ms)[0m  [1m[35mBEGIN[0m
  ↳ bin/rails:9
  [1m[35m (1.3ms)[0m  [1m[35mALTER TABLE "visit" ALTER "user_id" SET NOT NULL[0m
  ↳ db/migrate/20190123235921_update_foreign_keys.rb:3
  [1m[35m (0.1ms)[0m  [1m[31mROLLBACK[0m
  ↳ bin/rails:9
  [1m[35m (0.2ms)[0m  [1m[34mSELECT pg_advisory_unlock(4762635147840476445)[0m
  ↳ bin/rails:9
  [1m[35m (0.2ms)[0m  [1m[34mSELECT pg_try_advisory_lock(4762635147840476445)[0m
  ↳ bin/rails:9
  [1m[35m (0.9ms)[0m  [1m[34mSELECT "schema_migrations"."version" FROM "schema_migrations" ORDER BY "schema_migrations"."version" ASC[0m
  ↳ bin/rails:9
Migrating to UpdateForeignKeys (20190123235921)
  [1m[35m (0.3ms)[0m  [1m[35mBEGIN[0m
  ↳ bin/rails:9
  [1m[35m (2.3ms)[0m  [1m[35mALTER TABLE "visits" ALTER "user_id" SET NOT NULL[0m
  ↳ db/migrate/20190123235921_update_foreign_keys.rb:3
  [1m[35m (0.1ms)[0m  [1m[31mROLLBACK[0m
  ↳ bin/rails:9
  [1m[35m (0.2ms)[0m  [1m[34mSELECT pg_advisory_unlock(4762635147840476445)[0m
  ↳ bin/rails:9
  [1m[36mVisit Load (0.5ms)[0m  [1m[34mSELECT "visits".* FROM "visits"[0m
  [1m[36mVisit Destroy (0.6ms)[0m  [1m[31mDELETE FROM "visits" WHERE "visits"."id" IS NULL[0m
  [1m[36mVisit Load (0.5ms)[0m  [1m[34mSELECT "visits".* FROM "visits"[0m
  [1m[36mVisit Load (0.3ms)[0m  [1m[34mSELECT  "visits".* FROM "visits" WHERE "visits"."id" IS NULL LIMIT $1[0m  [["LIMIT", 1]]
  [1m[36mVisit Load (0.4ms)[0m  [1m[34mSELECT "visits".* FROM "visits"[0m
  [1m[36mVisit Load (0.5ms)[0m  [1m[34mSELECT "visits".* FROM "visits"[0m
  [1m[36mVisit Load (0.4ms)[0m  [1m[34mSELECT  "visits".* FROM "visits" WHERE "visits"."id" IS NULL LIMIT $1[0m  [["LIMIT", 1]]
  [1m[36mVisit Load (0.3ms)[0m  [1m[34mSELECT  "visits".* FROM "visits" WHERE "visits"."id" = $1 LIMIT $2[0m  [["id", 1], ["LIMIT", 1]]
  [1m[35m (0.1ms)[0m  [1m[35mBEGIN[0m
  [1m[36mVisit Destroy (0.4ms)[0m  [1m[31mDELETE FROM "visits" WHERE "visits"."id" = $1[0m  [["id", 1]]
  [1m[35m (0.4ms)[0m  [1m[35mCOMMIT[0m
  [1m[36mVisit Load (0.4ms)[0m  [1m[34mSELECT  "visits".* FROM "visits" WHERE "visits"."id" = $1 LIMIT $2[0m  [["id", 2], ["LIMIT", 1]]
  [1m[35m (0.1ms)[0m  [1m[35mBEGIN[0m
  [1m[36mVisit Destroy (0.4ms)[0m  [1m[31mDELETE FROM "visits" WHERE "visits"."id" = $1[0m  [["id", 2]]
  [1m[35m (1.2ms)[0m  [1m[35mCOMMIT[0m
  [1m[36mVisit Load (0.4ms)[0m  [1m[34mSELECT  "visits".* FROM "visits" WHERE "visits"."id" = $1 LIMIT $2[0m  [["id", 3], ["LIMIT", 1]]
  [1m[35m (0.1ms)[0m  [1m[35mBEGIN[0m
  [1m[36mVisit Destroy (0.3ms)[0m  [1m[31mDELETE FROM "visits" WHERE "visits"."id" = $1[0m  [["id", 3]]
  [1m[35m (1.1ms)[0m  [1m[35mCOMMIT[0m
  [1m[36mVisit Load (0.4ms)[0m  [1m[34mSELECT "visits".* FROM "visits"[0m
  [1m[35m (0.2ms)[0m  [1m[34mSELECT pg_try_advisory_lock(4762635147840476445)[0m
  ↳ bin/rails:9
  [1m[35m (0.9ms)[0m  [1m[34mSELECT "schema_migrations"."version" FROM "schema_migrations" ORDER BY "schema_migrations"."version" ASC[0m
  ↳ bin/rails:9
Migrating to UpdateForeignKeys (20190123235921)
  [1m[35m (0.2ms)[0m  [1m[35mBEGIN[0m
  ↳ bin/rails:9
  [1m[35m (0.7ms)[0m  [1m[35mALTER TABLE "visits" ALTER "user_id" SET NOT NULL[0m
  ↳ db/migrate/20190123235921_update_foreign_keys.rb:3
  [1m[35m (0.4ms)[0m  [1m[35mALTER TABLE "visits" ALTER "short_url_id" SET NOT NULL[0m
  ↳ db/migrate/20190123235921_update_foreign_keys.rb:4
  [1m[35m (2.9ms)[0m  [1m[35mCREATE  INDEX  "index_visits_on_user_id" ON "visits"  ("user_id")[0m
  ↳ db/migrate/20190123235921_update_foreign_keys.rb:6
  [1m[35m (1.0ms)[0m  [1m[35mCREATE  INDEX  "index_visits_on_short_url_id" ON "visits"  ("short_url_id")[0m
  ↳ db/migrate/20190123235921_update_foreign_keys.rb:7
  [1m[36mActiveRecord::SchemaMigration Create (0.5ms)[0m  [1m[32mINSERT INTO "schema_migrations" ("version") VALUES ($1) RETURNING "version"[0m  [["version", "20190123235921"]]
  ↳ bin/rails:9
  [1m[35m (0.6ms)[0m  [1m[35mCOMMIT[0m
  ↳ bin/rails:9
  [1m[36mActiveRecord::InternalMetadata Load (0.4ms)[0m  [1m[34mSELECT  "ar_internal_metadata".* FROM "ar_internal_metadata" WHERE "ar_internal_metadata"."key" = $1 LIMIT $2[0m  [["key", "environment"], ["LIMIT", 1]]
  ↳ bin/rails:9
  [1m[35m (0.2ms)[0m  [1m[35mBEGIN[0m
  ↳ bin/rails:9
  [1m[35m (0.1ms)[0m  [1m[35mCOMMIT[0m
  ↳ bin/rails:9
  [1m[35m (0.2ms)[0m  [1m[34mSELECT pg_advisory_unlock(4762635147840476445)[0m
  ↳ bin/rails:9
  [1m[35m (0.2ms)[0m  [1m[34mSELECT "schema_migrations"."version" FROM "schema_migrations" ORDER BY "schema_migrations"."version" ASC[0m
  ↳ bin/rails:9
  [1m[35m (0.2ms)[0m  [1m[35mBEGIN[0m
  [1m[35m (0.2ms)[0m  [1m[31mROLLBACK[0m
  [1m[35m (0.2ms)[0m  [1m[35mBEGIN[0m
  [1m[35m (0.2ms)[0m  [1m[31mROLLBACK[0m
  [1m[35m (0.2ms)[0m  [1m[35mBEGIN[0m
  [1m[36mVisit Create (1.1ms)[0m  [1m[32mINSERT INTO "visits" ("created_at", "updated_at", "user_id", "short_url_id") VALUES ($1, $2, $3, $4) RETURNING "id"[0m  [["created_at", "2019-01-24 00:03:19.002063"], ["updated_at", "2019-01-24 00:03:19.002063"], ["user_id", 1], ["short_url_id", 5]]
  [1m[35m (0.4ms)[0m  [1m[35mCOMMIT[0m
  [1m[35m (0.2ms)[0m  [1m[35mBEGIN[0m
  [1m[36mVisit Create (0.4ms)[0m  [1m[32mINSERT INTO "visits" ("created_at", "updated_at", "user_id", "short_url_id") VALUES ($1, $2, $3, $4) RETURNING "id"[0m  [["created_at", "2019-01-24 00:03:22.778048"], ["updated_at", "2019-01-24 00:03:22.778048"], ["user_id", 1], ["short_url_id", 5]]
  [1m[35m (1.2ms)[0m  [1m[35mCOMMIT[0m
  [1m[36mVisit Load (0.4ms)[0m  [1m[34mSELECT "visits".* FROM "visits"[0m
  [1m[36mShortenedUrl Load (0.4ms)[0m  [1m[34mSELECT  "shortened_urls".* FROM "shortened_urls" ORDER BY "shortened_urls"."id" DESC LIMIT $1[0m  [["LIMIT", 1]]
  [1m[36mShortenedUrl Load (0.4ms)[0m  [1m[34mSELECT  "shortened_urls".* FROM "shortened_urls" ORDER BY "shortened_urls"."id" DESC LIMIT $1[0m  [["LIMIT", 1]]
  [1m[36mShortenedUrl Load (0.4ms)[0m  [1m[34mSELECT  "shortened_urls".* FROM "shortened_urls" ORDER BY "shortened_urls"."id" DESC LIMIT $1[0m  [["LIMIT", 1]]
  [1m[36mShortenedUrl Load (0.5ms)[0m  [1m[34mSELECT  "shortened_urls".* FROM "shortened_urls" ORDER BY "shortened_urls"."id" DESC LIMIT $1[0m  [["LIMIT", 1]]
  [1m[36mVisit Load (2.3ms)[0m  [1m[34mSELECT "visits".* FROM "visits" WHERE "visits"."shortened_url_id" = $1[0m  [["shortened_url_id", 5]]
  [1m[36mVisit Load (1.3ms)[0m  [1m[34mSELECT "visits".* FROM "visits" WHERE "visits"."shortened_url_id" = $1[0m  [["shortened_url_id", 5]]
  [1m[36mVisit Load (1.2ms)[0m  [1m[34mSELECT "visits".* FROM "visits" WHERE "visits"."shortened_url_id" = $1[0m  [["shortened_url_id", 5]]
  [1m[36mVisit Load (0.4ms)[0m  [1m[34mSELECT "visits".* FROM "visits"[0m
  [1m[36mVisit Load (0.5ms)[0m  [1m[34mSELECT "visits".* FROM "visits"[0m
  [1m[36mVisit Load (1.6ms)[0m  [1m[34mSELECT "visits".* FROM "visits" WHERE "visits"."shortened_url_id" = $1[0m  [["shortened_url_id", 5]]
  [1m[36mVisit Load (1.5ms)[0m  [1m[34mSELECT "visits".* FROM "visits" WHERE "visits"."shortened_url_id" = $1[0m  [["shortened_url_id", 5]]
  [1m[36mShortenedUrl Load (0.4ms)[0m  [1m[34mSELECT  "shortened_urls".* FROM "shortened_urls" ORDER BY "shortened_urls"."id" DESC LIMIT $1[0m  [["LIMIT", 1]]
  [1m[36mVisit Load (0.4ms)[0m  [1m[34mSELECT "visits".* FROM "visits" WHERE "visits"."short_url_id" = $1[0m  [["short_url_id", 5]]
  [1m[35m (1.2ms)[0m  [1m[34mSELECT COUNT(*) FROM "users" INNER JOIN "visits" ON "users"."user_id" = "visits"."id" WHERE "visits"."short_url_id" = $1[0m  [["short_url_id", 5]]
  [1m[36mUser Load (1.2ms)[0m  [1m[34mSELECT "users".* FROM "users" INNER JOIN "visits" ON "users"."user_id" = "visits"."id" WHERE "visits"."short_url_id" = $1[0m  [["short_url_id", 5]]
  [1m[36mShortenedUrl Load (0.3ms)[0m  [1m[34mSELECT  "shortened_urls".* FROM "shortened_urls" ORDER BY "shortened_urls"."id" DESC LIMIT $1[0m  [["LIMIT", 1]]
  [1m[36mUser Load (0.7ms)[0m  [1m[34mSELECT "users".* FROM "users" INNER JOIN "visits" ON "users"."id" = "visits"."user_id" WHERE "visits"."short_url_id" = $1[0m  [["short_url_id", 5]]
  [1m[36mVisit Load (0.4ms)[0m  [1m[34mSELECT "visits".* FROM "visits" WHERE "visits"."short_url_id" = $1[0m  [["short_url_id", 5]]
  [1m[36mShortenedUrl Load (0.3ms)[0m  [1m[34mSELECT  "shortened_urls".* FROM "shortened_urls" ORDER BY "shortened_urls"."id" DESC LIMIT $1[0m  [["LIMIT", 1]]
  [1m[35m (2.4ms)[0m  [1m[34mSELECT COUNT(*) FROM "visits" WHERE "visits"."short_url_id" = $1[0m  [["short_url_id", 5]]
  [1m[36mShortenedUrl Load (0.3ms)[0m  [1m[34mSELECT  "shortened_urls".* FROM "shortened_urls" ORDER BY "shortened_urls"."id" DESC LIMIT $1[0m  [["LIMIT", 1]]
  [1m[36mShortenedUrl Load (0.3ms)[0m  [1m[34mSELECT  "shortened_urls".* FROM "shortened_urls" ORDER BY "shortened_urls"."id" DESC LIMIT $1[0m  [["LIMIT", 1]]
  [1m[36mShortenedUrl Load (0.2ms)[0m  [1m[34mSELECT  "shortened_urls".* FROM "shortened_urls" ORDER BY "shortened_urls"."id" DESC LIMIT $1[0m  [["LIMIT", 1]]
  [1m[35m (1.0ms)[0m  [1m[34mSELECT COUNT(DISTINCT "visits"."user_id") FROM "visits" WHERE "visits"."short_url_id" = $1[0m  [["short_url_id", 5]]
  [1m[36mShortenedUrl Load (0.3ms)[0m  [1m[34mSELECT  "shortened_urls".* FROM "shortened_urls" ORDER BY "shortened_urls"."id" DESC LIMIT $1[0m  [["LIMIT", 1]]
  [1m[35m (0.6ms)[0m  [1m[34mSELECT COUNT(DISTINCT "visits"."user_id") FROM "visits" WHERE "visits"."short_url_id" = $1[0m  [["short_url_id", 5]]
  [1m[35m (0.4ms)[0m  [1m[34mSELECT COUNT(DISTINCT "visits"."user_id") FROM "visits" WHERE "visits"."short_url_id" = $1[0m  [["short_url_id", 5]]
  [1m[35m (0.4ms)[0m  [1m[34mSELECT COUNT(DISTINCT "visits"."user_id") FROM "visits" WHERE "visits"."short_url_id" = $1[0m  [["short_url_id", 5]]
  [1m[35m (0.4ms)[0m  [1m[34mSELECT COUNT(DISTINCT "visits"."user_id") FROM "visits" WHERE "visits"."short_url_id" = $1[0m  [["short_url_id", 5]]
  [1m[36mShortenedUrl Load (0.3ms)[0m  [1m[34mSELECT  "shortened_urls".* FROM "shortened_urls" ORDER BY "shortened_urls"."id" DESC LIMIT $1[0m  [["LIMIT", 1]]
  [1m[35m (0.4ms)[0m  [1m[34mSELECT COUNT(DISTINCT "visits"."user_id") FROM "visits" WHERE "visits"."short_url_id" = $1[0m  [["short_url_id", 5]]
  [1m[35m (0.9ms)[0m  [1m[34mSELECT COUNT(DISTINCT "visits"."user_id") FROM "visits" WHERE "visits"."short_url_id" = $1 AND "visits"."updated_at" = $2[0m  [["short_url_id", 5], ["updated_at", "2019-01-24 00:15:27.824774"]]
  [1m[35m (0.2ms)[0m  [1m[35mBEGIN[0m
  [1m[36mUser Load (0.3ms)[0m  [1m[34mSELECT  "users".* FROM "users" WHERE "users"."id" = $1 LIMIT $2[0m  [["id", 1], ["LIMIT", 1]]
  [1m[36mShortenedUrl Load (0.3ms)[0m  [1m[34mSELECT  "shortened_urls".* FROM "shortened_urls" WHERE "shortened_urls"."id" = $1 LIMIT $2[0m  [["id", 5], ["LIMIT", 1]]
  [1m[36mVisit Create (0.7ms)[0m  [1m[32mINSERT INTO "visits" ("created_at", "updated_at", "user_id", "short_url_id") VALUES ($1, $2, $3, $4) RETURNING "id"[0m  [["created_at", "2019-01-24 00:25:53.954848"], ["updated_at", "2019-01-24 00:25:53.954848"], ["user_id", 1], ["short_url_id", 5]]
  [1m[35m (0.5ms)[0m  [1m[35mCOMMIT[0m
  [1m[35m (0.4ms)[0m  [1m[34mSELECT COUNT(DISTINCT "visits"."user_id") FROM "visits" WHERE "visits"."short_url_id" = $1 AND "visits"."updated_at" = $2[0m  [["short_url_id", 5], ["updated_at", "2019-01-24 00:15:57.563192"]]
  [1m[36mShortenedUrl Load (0.3ms)[0m  [1m[34mSELECT  "shortened_urls".* FROM "shortened_urls" ORDER BY "shortened_urls"."id" DESC LIMIT $1[0m  [["LIMIT", 1]]
  [1m[35m (0.4ms)[0m  [1m[34mSELECT COUNT(DISTINCT "visits"."user_id") FROM "visits" WHERE "visits"."short_url_id" = $1 AND "visits"."updated_at" = $2[0m  [["short_url_id", 5], ["updated_at", "2019-01-24 00:16:23.422471"]]
  [1m[36mShortenedUrl Load (0.3ms)[0m  [1m[34mSELECT  "shortened_urls".* FROM "shortened_urls" ORDER BY "shortened_urls"."id" DESC LIMIT $1[0m  [["LIMIT", 1]]
  [1m[35m (0.3ms)[0m  [1m[34mSELECT COUNT(DISTINCT "visits"."user_id") FROM "visits" WHERE "visits"."short_url_id" = $1[0m  [["short_url_id", 5]]
  [1m[35m (0.3ms)[0m  [1m[34mSELECT COUNT(DISTINCT "visits"."user_id") FROM "visits" WHERE "visits"."short_url_id" = $1[0m  [["short_url_id", 5]]
  [1m[36mShortenedUrl Load (0.2ms)[0m  [1m[34mSELECT  "shortened_urls".* FROM "shortened_urls" ORDER BY "shortened_urls"."id" DESC LIMIT $1[0m  [["LIMIT", 1]]
  [1m[36mShortenedUrl Load (0.4ms)[0m  [1m[34mSELECT  "shortened_urls".* FROM "shortened_urls" ORDER BY "shortened_urls"."id" DESC LIMIT $1[0m  [["LIMIT", 1]]
  [1m[35m (0.6ms)[0m  [1m[34mSELECT COUNT(DISTINCT user_id) FROM "users" INNER JOIN "visits" ON "users"."id" = "visits"."user_id" WHERE "visits"."short_url_id" = $1[0m  [["short_url_id", 5]]
  [1m[35m (0.7ms)[0m  [1m[34mSELECT COUNT(DISTINCT user_id) FROM "users" INNER JOIN "visits" ON "users"."id" = "visits"."user_id" WHERE "visits"."short_url_id" = $1[0m  [["short_url_id", 5]]
  [1m[35m (0.6ms)[0m  [1m[34mSELECT COUNT(*) FROM "users" INNER JOIN "visits" ON "users"."id" = "visits"."user_id" WHERE "visits"."short_url_id" = $1[0m  [["short_url_id", 5]]
  [1m[35m (0.1ms)[0m  [1m[35mBEGIN[0m
  [1m[36mUser Exists (0.8ms)[0m  [1m[34mSELECT  1 AS one FROM "users" WHERE "users"."email" = $1 LIMIT $2[0m  [["email", "hello@appacademy.io"], ["LIMIT", 1]]
  [1m[36mUser Create (0.5ms)[0m  [1m[32mINSERT INTO "users" ("email", "created_at", "updated_at") VALUES ($1, $2, $3) RETURNING "id"[0m  [["email", "hello@appacademy.io"], ["created_at", "2019-01-24 00:40:34.112528"], ["updated_at", "2019-01-24 00:40:34.112528"]]
  [1m[35m (1.3ms)[0m  [1m[35mCOMMIT[0m
  [1m[36mShortenedUrl Exists (0.5ms)[0m  [1m[34mSELECT  1 AS one FROM "shortened_urls" WHERE "shortened_urls"."short_url" = $1 LIMIT $2[0m  [["short_url", "D0PXcHW4oiKI14jgxqvNyQ"], ["LIMIT", 1]]
  [1m[35m (0.1ms)[0m  [1m[35mBEGIN[0m
  [1m[36mShortenedUrl Exists (0.3ms)[0m  [1m[34mSELECT  1 AS one FROM "shortened_urls" WHERE "shortened_urls"."short_url" = $1 LIMIT $2[0m  [["short_url", "D0PXcHW4oiKI14jgxqvNyQ"], ["LIMIT", 1]]
  [1m[36mUser Load (0.3ms)[0m  [1m[34mSELECT  "users".* FROM "users" WHERE "users"."id" = $1 LIMIT $2[0m  [["id", 6], ["LIMIT", 1]]
  [1m[36mShortenedUrl Create (0.5ms)[0m  [1m[32mINSERT INTO "shortened_urls" ("long_url", "short_url", "user_id", "created_at", "updated_at") VALUES ($1, $2, $3, $4, $5) RETURNING "id"[0m  [["long_url", "youtube.com"], ["short_url", "D0PXcHW4oiKI14jgxqvNyQ"], ["user_id", 6], ["created_at", "2019-01-24 00:40:58.708993"], ["updated_at", "2019-01-24 00:40:58.708993"]]
  [1m[35m (1.2ms)[0m  [1m[35mCOMMIT[0m
  [1m[36mShortenedUrl Exists (0.3ms)[0m  [1m[34mSELECT  1 AS one FROM "shortened_urls" WHERE "shortened_urls"."short_url" = $1 LIMIT $2[0m  [["short_url", "Qhh-sXA2uQj0cCQQ8Hrlxg"], ["LIMIT", 1]]
  [1m[35m (0.1ms)[0m  [1m[35mBEGIN[0m
  [1m[36mShortenedUrl Exists (0.4ms)[0m  [1m[34mSELECT  1 AS one FROM "shortened_urls" WHERE "shortened_urls"."short_url" = $1 LIMIT $2[0m  [["short_url", "Qhh-sXA2uQj0cCQQ8Hrlxg"], ["LIMIT", 1]]
  [1m[36mUser Load (0.3ms)[0m  [1m[34mSELECT  "users".* FROM "users" WHERE "users"."id" = $1 LIMIT $2[0m  [["id", 6], ["LIMIT", 1]]
  [1m[36mShortenedUrl Create (0.6ms)[0m  [1m[32mINSERT INTO "shortened_urls" ("long_url", "short_url", "user_id", "created_at", "updated_at") VALUES ($1, $2, $3, $4, $5) RETURNING "id"[0m  [["long_url", "facebook.com"], ["short_url", "Qhh-sXA2uQj0cCQQ8Hrlxg"], ["user_id", 6], ["created_at", "2019-01-24 00:46:02.797305"], ["updated_at", "2019-01-24 00:46:02.797305"]]
  [1m[35m (0.5ms)[0m  [1m[35mCOMMIT[0m
  [1m[36mShortenedUrl Load (0.3ms)[0m  [1m[34mSELECT "shortened_urls".* FROM "shortened_urls" WHERE "shortened_urls"."short_url" = $1[0m  [["short_url", "Qhh-sXA2uQj0cCQQ8Hrlxg"]]
  [1m[36mShortenedUrl Exists (1.3ms)[0m  [1m[34mSELECT  1 AS one FROM "shortened_urls" WHERE "shortened_urls"."short_url" = $1 LIMIT $2[0m  [["short_url", "01Vt7_NUQhW4V2HqYsnrTA"], ["LIMIT", 1]]
  ↳ app/models/shortened_url.rb:39
  [1m[36mUser Load (1.4ms)[0m  [1m[34mSELECT  "users".* FROM "users" WHERE "users"."email" = $1 LIMIT $2[0m  [["email", "hello@gmail.com"], ["LIMIT", 11]]
  ↳ bin/rails:9
  [1m[36mUser Load (0.3ms)[0m  [1m[34mSELECT  "users".* FROM "users" WHERE "users"."email" = $1 LIMIT $2[0m  [["email", "hello@gmail.com"], ["LIMIT", 11]]
  ↳ /Users/jasonfu/.rbenv/versions/2.5.1/lib/ruby/gems/2.5.0/gems/activerecord-5.2.2/lib/active_record/log_subscriber.rb:98
  [1m[36mUser Load (0.3ms)[0m  [1m[34mSELECT "users".* FROM "users" WHERE "users"."email" = $1[0m  [["email", "hello@gmail.com"]]
  [1m[36mUser Load (0.7ms)[0m  [1m[34mSELECT  "users".* FROM "users" WHERE "users"."email" = $1 ORDER BY "users"."id" ASC LIMIT $2[0m  [["email", "hello@gmail.com"], ["LIMIT", 1]]
  ↳ bin/cli:5
  [1m[36mShortenedUrl Exists (0.7ms)[0m  [1m[34mSELECT  1 AS one FROM "shortened_urls" WHERE "shortened_urls"."short_url" = $1 LIMIT $2[0m  [["short_url", "00-Znkwk7GdGfwTK58bLzA"], ["LIMIT", 1]]
  ↳ app/models/shortened_url.rb:39
  [1m[35m (0.2ms)[0m  [1m[35mBEGIN[0m
  ↳ app/models/shortened_url.rb:52
  [1m[36mShortenedUrl Exists (0.3ms)[0m  [1m[34mSELECT  1 AS one FROM "shortened_urls" WHERE "shortened_urls"."short_url" = $1 LIMIT $2[0m  [["short_url", "00-Znkwk7GdGfwTK58bLzA"], ["LIMIT", 1]]
  ↳ app/models/shortened_url.rb:52
  [1m[36mUser Load (0.3ms)[0m  [1m[34mSELECT  "users".* FROM "users" WHERE "users"."id" = $1 LIMIT $2[0m  [["id", 1], ["LIMIT", 1]]
  ↳ app/models/shortened_url.rb:52
  [1m[36mShortenedUrl Create (0.6ms)[0m  [1m[32mINSERT INTO "shortened_urls" ("long_url", "short_url", "user_id", "created_at", "updated_at") VALUES ($1, $2, $3, $4, $5) RETURNING "id"[0m  [["long_url", "instagram.com"], ["short_url", "00-Znkwk7GdGfwTK58bLzA"], ["user_id", 1], ["created_at", "2019-01-24 01:02:27.161760"], ["updated_at", "2019-01-24 01:02:27.161760"]]
  ↳ app/models/shortened_url.rb:52
  [1m[35m (0.5ms)[0m  [1m[35mCOMMIT[0m
  ↳ app/models/shortened_url.rb:52
  [1m[36mShortenedUrl Load (0.4ms)[0m  [1m[34mSELECT "shortened_urls".* FROM "shortened_urls"[0m
  [1m[35m (0.2ms)[0m  [1m[34mSELECT pg_try_advisory_lock(4762635147840476445)[0m
  ↳ bin/rails:9
  [1m[35m (0.8ms)[0m  [1m[34mSELECT "schema_migrations"."version" FROM "schema_migrations" ORDER BY "schema_migrations"."version" ASC[0m
  ↳ bin/rails:9
Migrating to CreateTagTopics (20190124010619)
  [1m[35m (0.2ms)[0m  [1m[35mBEGIN[0m
  ↳ bin/rails:9
  [1m[35m (6.9ms)[0m  [1m[35mCREATE TABLE "tag_topics" ("id" bigserial primary key, "topic" character varying NOT NULL, "created_at" timestamp NOT NULL, "updated_at" timestamp NOT NULL)[0m
  ↳ db/migrate/20190124010619_create_tag_topics.rb:3
  [1m[35m (1.0ms)[0m  [1m[35mCREATE UNIQUE INDEX  "index_tag_topics_on_topic" ON "tag_topics"  ("topic")[0m
  ↳ db/migrate/20190124010619_create_tag_topics.rb:9
  [1m[36mActiveRecord::SchemaMigration Create (0.4ms)[0m  [1m[32mINSERT INTO "schema_migrations" ("version") VALUES ($1) RETURNING "version"[0m  [["version", "20190124010619"]]
  ↳ bin/rails:9
  [1m[35m (0.6ms)[0m  [1m[35mCOMMIT[0m
  ↳ bin/rails:9
  [1m[36mActiveRecord::InternalMetadata Load (0.4ms)[0m  [1m[34mSELECT  "ar_internal_metadata".* FROM "ar_internal_metadata" WHERE "ar_internal_metadata"."key" = $1 LIMIT $2[0m  [["key", "environment"], ["LIMIT", 1]]
  ↳ bin/rails:9
  [1m[35m (0.2ms)[0m  [1m[35mBEGIN[0m
  ↳ bin/rails:9
  [1m[35m (0.1ms)[0m  [1m[35mCOMMIT[0m
  ↳ bin/rails:9
  [1m[35m (0.2ms)[0m  [1m[34mSELECT pg_advisory_unlock(4762635147840476445)[0m
  ↳ bin/rails:9
  [1m[35m (0.2ms)[0m  [1m[34mSELECT "schema_migrations"."version" FROM "schema_migrations" ORDER BY "schema_migrations"."version" ASC[0m
  ↳ bin/rails:9
  [1m[35m (0.3ms)[0m  [1m[34mSELECT pg_try_advisory_lock(4762635147840476445)[0m
  ↳ bin/rails:9
  [1m[35m (0.8ms)[0m  [1m[34mSELECT "schema_migrations"."version" FROM "schema_migrations" ORDER BY "schema_migrations"."version" ASC[0m
  ↳ bin/rails:9
Migrating to CreateTaggings (20190124010800)
  [1m[35m (0.2ms)[0m  [1m[35mBEGIN[0m
  ↳ bin/rails:9
  [1m[35m (4.9ms)[0m  [1m[35mCREATE TABLE "taggings" ("id" bigserial primary key, "topic_id" integer NOT NULL, "url_id" integer NOT NULL, "created_at" timestamp NOT NULL, "updated_at" timestamp NOT NULL)[0m
  ↳ db/migrate/20190124010800_create_taggings.rb:3
  [1m[35m (1.3ms)[0m  [1m[35mCREATE  INDEX  "index_taggings_on_topic_id" ON "taggings"  ("topic_id")[0m
  ↳ db/migrate/20190124010800_create_taggings.rb:10
  [1m[35m (1.0ms)[0m  [1m[35mCREATE  INDEX  "index_taggings_on_url_id" ON "taggings"  ("url_id")[0m
  ↳ db/migrate/20190124010800_create_taggings.rb:11
  [1m[36mActiveRecord::SchemaMigration Create (0.6ms)[0m  [1m[32mINSERT INTO "schema_migrations" ("version") VALUES ($1) RETURNING "version"[0m  [["version", "20190124010800"]]
  ↳ bin/rails:9
  [1m[35m (0.5ms)[0m  [1m[35mCOMMIT[0m
  ↳ bin/rails:9
  [1m[36mActiveRecord::InternalMetadata Load (0.4ms)[0m  [1m[34mSELECT  "ar_internal_metadata".* FROM "ar_internal_metadata" WHERE "ar_internal_metadata"."key" = $1 LIMIT $2[0m  [["key", "environment"], ["LIMIT", 1]]
  ↳ bin/rails:9
  [1m[35m (0.1ms)[0m  [1m[35mBEGIN[0m
  ↳ bin/rails:9
  [1m[35m (0.1ms)[0m  [1m[35mCOMMIT[0m
  ↳ bin/rails:9
  [1m[35m (0.2ms)[0m  [1m[34mSELECT pg_advisory_unlock(4762635147840476445)[0m
  ↳ bin/rails:9
  [1m[35m (0.3ms)[0m  [1m[34mSELECT "schema_migrations"."version" FROM "schema_migrations" ORDER BY "schema_migrations"."version" ASC[0m
  ↳ bin/rails:9
  [1m[35m (1.0ms)[0m  [1m[34mSELECT "schema_migrations"."version" FROM "schema_migrations" ORDER BY "schema_migrations"."version" ASC[0m
  ↳ /Users/jasonfu/.rbenv/versions/2.5.1/bin/annotate:23
